CRITICAL - 2023-11-06 15:33:40 --> include(header.php): Failed to open stream: No such file or directory
in APPPATH\Views\index1.php on line 2.
 1 APPPATH\Views\index1.php(2): CodeIgniter\Debug\Exceptions->errorHandler(2, 'include(header.php): Failed to open stream: No such file or directory', 'C:\\laragon\\www\\HealthCareProj\\app\\Views\\index1.php', 2)
 2 APPPATH\Views\index1.php(2): include()
 3 SYSTEMPATH\View\View.php(226): include('C:\\laragon\\www\\HealthCareProj\\app\\Views\\index1.php')
 4 SYSTEMPATH\View\View.php(229): CodeIgniter\View\View->CodeIgniter\View\{closure}()
 5 SYSTEMPATH\Common.php(1188): CodeIgniter\View\View->render('index1', [], true)
 6 APPPATH\Controllers\Home.php(14): view('index1')
 7 SYSTEMPATH\CodeIgniter.php(919): App\Controllers\Home->index1()
 8 SYSTEMPATH\CodeIgniter.php(494): CodeIgniter\CodeIgniter->runController(Object(App\Controllers\Home))
 9 SYSTEMPATH\CodeIgniter.php(353): CodeIgniter\CodeIgniter->handleRequest(null, Object(Config\Cache), false)
10 FCPATH\index.php(79): CodeIgniter\CodeIgniter->run()
11 SYSTEMPATH\Commands\Server\rewrite.php(47): require_once('C:\\laragon\\www\\HealthCareProj\\public\\index.php')
CRITICAL - 2023-11-06 16:00:56 --> include(C:\laragon\www\HealthCareProj\app\view/func.php): Failed to open stream: No such file or directory
in APPPATH\Controllers\Home.php on line 19.
 1 APPPATH\Controllers\Home.php(19): CodeIgniter\Debug\Exceptions->errorHandler(2, 'include(C:\\laragon\\www\\HealthCareProj\\app\\view/func.php): Failed to open stream: No such file or directory', 'C:\\laragon\\www\\HealthCareProj\\app\\Controllers\\Home.php', 19)
 2 APPPATH\Controllers\Home.php(19): include()
 3 SYSTEMPATH\CodeIgniter.php(919): App\Controllers\Home->login()
 4 SYSTEMPATH\CodeIgniter.php(494): CodeIgniter\CodeIgniter->runController(Object(App\Controllers\Home))
 5 SYSTEMPATH\CodeIgniter.php(353): CodeIgniter\CodeIgniter->handleRequest(null, Object(Config\Cache), false)
 6 FCPATH\index.php(79): CodeIgniter\CodeIgniter->run()
 7 SYSTEMPATH\Commands\Server\rewrite.php(47): require_once('C:\\laragon\\www\\HealthCareProj\\public\\index.php')
CRITICAL - 2023-11-06 16:03:43 --> Unknown database 'hospitalms'
in APPPATH\Views\func.php on line 7.
 1 APPPATH\Views\func.php(7): mysqli_connect('localhost', 'root', '', 'hospitalms')
 2 APPPATH\Controllers\Home.php(19): include('C:\\laragon\\www\\HealthCareProj\\app\\Views\\func.php')
 3 SYSTEMPATH\CodeIgniter.php(919): App\Controllers\Home->login()
 4 SYSTEMPATH\CodeIgniter.php(494): CodeIgniter\CodeIgniter->runController(Object(App\Controllers\Home))
 5 SYSTEMPATH\CodeIgniter.php(353): CodeIgniter\CodeIgniter->handleRequest(null, Object(Config\Cache), false)
 6 FCPATH\index.php(79): CodeIgniter\CodeIgniter->run()
 7 SYSTEMPATH\Commands\Server\rewrite.php(47): require_once('C:\\laragon\\www\\HealthCareProj\\public\\index.php')
CRITICAL - 2023-11-06 16:27:25 --> syntax error, unexpected token "}", expecting ";"
in APPPATH\Controllers\Home.php on line 25.
 1 SYSTEMPATH\Autoloader\Autoloader.php(285): CodeIgniter\Autoloader\Autoloader->includeFile('C:\\laragon\\www\\HealthCareProj\\app\\Controllers\\Home.php')
 2 SYSTEMPATH\Autoloader\Autoloader.php(263): CodeIgniter\Autoloader\Autoloader->loadInNamespace('App\\Controllers\\Home')
 3 [internal function]: CodeIgniter\Autoloader\Autoloader->loadClass('App\\Controllers\\Home')
 4 SYSTEMPATH\CodeIgniter.php(877): class_exists('\\App\\Controllers\\Home', true)
 5 SYSTEMPATH\CodeIgniter.php(481): CodeIgniter\CodeIgniter->startController()
 6 SYSTEMPATH\CodeIgniter.php(353): CodeIgniter\CodeIgniter->handleRequest(null, Object(Config\Cache), false)
 7 FCPATH\index.php(79): CodeIgniter\CodeIgniter->run()
CRITICAL - 2023-11-06 16:27:49 --> Invalid file: "admin_login.php"
in SYSTEMPATH\Exceptions\FrameworkException.php on line 39.
 1 SYSTEMPATH\View\View.php(214): CodeIgniter\Exceptions\FrameworkException::forInvalidFile('admin_login.php')
 2 SYSTEMPATH\Common.php(1188): CodeIgniter\View\View->render('admin_login', [], true)
 3 APPPATH\Controllers\Home.php(24): view('admin_login')
 4 SYSTEMPATH\CodeIgniter.php(919): App\Controllers\Home->adminlogin()
 5 SYSTEMPATH\CodeIgniter.php(494): CodeIgniter\CodeIgniter->runController(Object(App\Controllers\Home))
 6 SYSTEMPATH\CodeIgniter.php(353): CodeIgniter\CodeIgniter->handleRequest(null, Object(Config\Cache), false)
 7 FCPATH\index.php(79): CodeIgniter\CodeIgniter->run()
 8 SYSTEMPATH\Commands\Server\rewrite.php(47): require_once('C:\\laragon\\www\\HealthCareProj\\public\\index.php')
CRITICAL - 2023-11-06 16:55:27 --> include(newfunc.php): Failed to open stream: No such file or directory
in APPPATH\Views\admin-panel1.php on line 5.
 1 APPPATH\Views\admin-panel1.php(5): CodeIgniter\Debug\Exceptions->errorHandler(2, 'include(newfunc.php): Failed to open stream: No such file or directory', 'C:\\laragon\\www\\HealthCareProj\\app\\Views\\admin-panel1.php', 5)
 2 APPPATH\Views\admin-panel1.php(5): include()
 3 SYSTEMPATH\View\View.php(226): include('C:\\laragon\\www\\HealthCareProj\\app\\Views\\admin-panel1.php')
 4 SYSTEMPATH\View\View.php(229): CodeIgniter\View\View->CodeIgniter\View\{closure}()
 5 SYSTEMPATH\Common.php(1188): CodeIgniter\View\View->render('admin-panel1', [], true)
 6 APPPATH\Controllers\Home.php(35): view('admin-panel1')
 7 SYSTEMPATH\CodeIgniter.php(919): App\Controllers\Home->admin_login()
 8 SYSTEMPATH\CodeIgniter.php(494): CodeIgniter\CodeIgniter->runController(Object(App\Controllers\Home))
 9 SYSTEMPATH\CodeIgniter.php(353): CodeIgniter\CodeIgniter->handleRequest(null, Object(Config\Cache), false)
10 FCPATH\index.php(79): CodeIgniter\CodeIgniter->run()
11 SYSTEMPATH\Commands\Server\rewrite.php(47): require_once('C:\\laragon\\www\\HealthCareProj\\public\\index.php')
CRITICAL - 2023-11-06 17:00:11 --> include(newfunc.php): Failed to open stream: No such file or directory
in APPPATH\Views\admin-panel1.php on line 5.
 1 APPPATH\Views\admin-panel1.php(5): CodeIgniter\Debug\Exceptions->errorHandler(2, 'include(newfunc.php): Failed to open stream: No such file or directory', 'C:\\laragon\\www\\HealthCareProj\\app\\Views\\admin-panel1.php', 5)
 2 APPPATH\Views\admin-panel1.php(5): include()
 3 SYSTEMPATH\View\View.php(226): include('C:\\laragon\\www\\HealthCareProj\\app\\Views\\admin-panel1.php')
 4 SYSTEMPATH\View\View.php(229): CodeIgniter\View\View->CodeIgniter\View\{closure}()
 5 SYSTEMPATH\Common.php(1188): CodeIgniter\View\View->render('admin-panel1', [], true)
 6 APPPATH\Controllers\Home.php(35): view('admin-panel1')
 7 SYSTEMPATH\CodeIgniter.php(919): App\Controllers\Home->admin_login()
 8 SYSTEMPATH\CodeIgniter.php(494): CodeIgniter\CodeIgniter->runController(Object(App\Controllers\Home))
 9 SYSTEMPATH\CodeIgniter.php(353): CodeIgniter\CodeIgniter->handleRequest(null, Object(Config\Cache), false)
10 FCPATH\index.php(79): CodeIgniter\CodeIgniter->run()
11 SYSTEMPATH\Commands\Server\rewrite.php(47): require_once('C:\\laragon\\www\\HealthCareProj\\public\\index.php')
CRITICAL - 2023-11-06 17:07:57 --> Call to undefined method App\Controllers\Home::display_specs()
in APPPATH\Views\admin-panel1.php on line 6.
 1 SYSTEMPATH\View\View.php(226): include()
 2 SYSTEMPATH\View\View.php(229): CodeIgniter\View\View->CodeIgniter\View\{closure}()
 3 SYSTEMPATH\Common.php(1188): CodeIgniter\View\View->render('admin-panel1', [], true)
 4 APPPATH\Controllers\Home.php(35): view('admin-panel1')
 5 SYSTEMPATH\CodeIgniter.php(919): App\Controllers\Home->admin_login()
 6 SYSTEMPATH\CodeIgniter.php(494): CodeIgniter\CodeIgniter->runController(Object(App\Controllers\Home))
 7 SYSTEMPATH\CodeIgniter.php(353): CodeIgniter\CodeIgniter->handleRequest(null, Object(Config\Cache), false)
 8 FCPATH\index.php(79): CodeIgniter\CodeIgniter->run()
 9 SYSTEMPATH\Commands\Server\rewrite.php(47): require_once('C:\\laragon\\www\\HealthCareProj\\public\\index.php')
CRITICAL - 2023-11-06 17:10:33 --> Call to undefined method App\Controllers\Home::display_specs()
in APPPATH\Views\admin-panel1.php on line 6.
 1 SYSTEMPATH\View\View.php(226): include()
 2 SYSTEMPATH\View\View.php(229): CodeIgniter\View\View->CodeIgniter\View\{closure}()
 3 SYSTEMPATH\Common.php(1188): CodeIgniter\View\View->render('admin-panel1', [], true)
 4 APPPATH\Controllers\Home.php(35): view('admin-panel1')
 5 SYSTEMPATH\CodeIgniter.php(919): App\Controllers\Home->admin_login()
 6 SYSTEMPATH\CodeIgniter.php(494): CodeIgniter\CodeIgniter->runController(Object(App\Controllers\Home))
 7 SYSTEMPATH\CodeIgniter.php(353): CodeIgniter\CodeIgniter->handleRequest(null, Object(Config\Cache), false)
 8 FCPATH\index.php(79): CodeIgniter\CodeIgniter->run()
 9 SYSTEMPATH\Commands\Server\rewrite.php(47): require_once('C:\\laragon\\www\\HealthCareProj\\public\\index.php')
CRITICAL - 2023-11-06 17:10:52 --> mysqli_query(): Argument #1 ($mysql) must be of type mysqli, null given
in APPPATH\Views\admin-panel1.php on line 283.
 1 APPPATH\Views\admin-panel1.php(283): mysqli_query(null, 'select * from doctb')
 2 SYSTEMPATH\View\View.php(226): include('C:\\laragon\\www\\HealthCareProj\\app\\Views\\admin-panel1.php')
 3 SYSTEMPATH\View\View.php(229): CodeIgniter\View\View->CodeIgniter\View\{closure}()
 4 SYSTEMPATH\Common.php(1188): CodeIgniter\View\View->render('admin-panel1', [], true)
 5 APPPATH\Controllers\Home.php(35): view('admin-panel1')
 6 SYSTEMPATH\CodeIgniter.php(919): App\Controllers\Home->admin_login()
 7 SYSTEMPATH\CodeIgniter.php(494): CodeIgniter\CodeIgniter->runController(Object(App\Controllers\Home))
 8 SYSTEMPATH\CodeIgniter.php(353): CodeIgniter\CodeIgniter->handleRequest(null, Object(Config\Cache), false)
 9 FCPATH\index.php(79): CodeIgniter\CodeIgniter->run()
10 SYSTEMPATH\Commands\Server\rewrite.php(47): require_once('C:\\laragon\\www\\HealthCareProj\\public\\index.php')
CRITICAL - 2023-11-06 17:11:09 --> Call to undefined method App\Controllers\Home::display_specs()
in APPPATH\Views\admin-panel1.php on line 6.
 1 SYSTEMPATH\View\View.php(226): include()
 2 SYSTEMPATH\View\View.php(229): CodeIgniter\View\View->CodeIgniter\View\{closure}()
 3 SYSTEMPATH\Common.php(1188): CodeIgniter\View\View->render('admin-panel1', [], true)
 4 APPPATH\Controllers\Home.php(35): view('admin-panel1')
 5 SYSTEMPATH\CodeIgniter.php(919): App\Controllers\Home->admin_login()
 6 SYSTEMPATH\CodeIgniter.php(494): CodeIgniter\CodeIgniter->runController(Object(App\Controllers\Home))
 7 SYSTEMPATH\CodeIgniter.php(353): CodeIgniter\CodeIgniter->handleRequest(null, Object(Config\Cache), false)
 8 FCPATH\index.php(79): CodeIgniter\CodeIgniter->run()
 9 SYSTEMPATH\Commands\Server\rewrite.php(47): require_once('C:\\laragon\\www\\HealthCareProj\\public\\index.php')
CRITICAL - 2023-11-06 17:11:22 --> mysqli_query(): Argument #1 ($mysql) must be of type mysqli, null given
in APPPATH\Views\admin-panel1.php on line 285.
 1 APPPATH\Views\admin-panel1.php(285): mysqli_query(null, 'select * from doctb')
 2 SYSTEMPATH\View\View.php(226): include('C:\\laragon\\www\\HealthCareProj\\app\\Views\\admin-panel1.php')
 3 SYSTEMPATH\View\View.php(229): CodeIgniter\View\View->CodeIgniter\View\{closure}()
 4 SYSTEMPATH\Common.php(1188): CodeIgniter\View\View->render('admin-panel1', [], true)
 5 APPPATH\Controllers\Home.php(35): view('admin-panel1')
 6 SYSTEMPATH\CodeIgniter.php(919): App\Controllers\Home->admin_login()
 7 SYSTEMPATH\CodeIgniter.php(494): CodeIgniter\CodeIgniter->runController(Object(App\Controllers\Home))
 8 SYSTEMPATH\CodeIgniter.php(353): CodeIgniter\CodeIgniter->handleRequest(null, Object(Config\Cache), false)
 9 FCPATH\index.php(79): CodeIgniter\CodeIgniter->run()
10 SYSTEMPATH\Commands\Server\rewrite.php(47): require_once('C:\\laragon\\www\\HealthCareProj\\public\\index.php')
CRITICAL - 2023-11-06 17:11:57 --> mysqli_query(): Argument #1 ($mysql) must be of type mysqli, null given
in APPPATH\Views\admin-panel1.php on line 283.
 1 APPPATH\Views\admin-panel1.php(283): mysqli_query(null, 'select * from doctb')
 2 SYSTEMPATH\View\View.php(226): include('C:\\laragon\\www\\HealthCareProj\\app\\Views\\admin-panel1.php')
 3 SYSTEMPATH\View\View.php(229): CodeIgniter\View\View->CodeIgniter\View\{closure}()
 4 SYSTEMPATH\Common.php(1188): CodeIgniter\View\View->render('admin-panel1', [], true)
 5 APPPATH\Controllers\Home.php(35): view('admin-panel1')
 6 SYSTEMPATH\CodeIgniter.php(919): App\Controllers\Home->admin_login()
 7 SYSTEMPATH\CodeIgniter.php(494): CodeIgniter\CodeIgniter->runController(Object(App\Controllers\Home))
 8 SYSTEMPATH\CodeIgniter.php(353): CodeIgniter\CodeIgniter->handleRequest(null, Object(Config\Cache), false)
 9 FCPATH\index.php(79): CodeIgniter\CodeIgniter->run()
10 SYSTEMPATH\Commands\Server\rewrite.php(47): require_once('C:\\laragon\\www\\HealthCareProj\\public\\index.php')
CRITICAL - 2023-11-06 17:12:21 --> mysqli_query(): Argument #1 ($mysql) must be of type mysqli, null given
in APPPATH\Views\admin-panel1.php on line 283.
 1 APPPATH\Views\admin-panel1.php(283): mysqli_query(null, 'select * from doctb')
 2 SYSTEMPATH\View\View.php(226): include('C:\\laragon\\www\\HealthCareProj\\app\\Views\\admin-panel1.php')
 3 SYSTEMPATH\View\View.php(229): CodeIgniter\View\View->CodeIgniter\View\{closure}()
 4 SYSTEMPATH\Common.php(1188): CodeIgniter\View\View->render('admin-panel1', [], true)
 5 APPPATH\Controllers\Home.php(35): view('admin-panel1')
 6 SYSTEMPATH\CodeIgniter.php(919): App\Controllers\Home->admin_login()
 7 SYSTEMPATH\CodeIgniter.php(494): CodeIgniter\CodeIgniter->runController(Object(App\Controllers\Home))
 8 SYSTEMPATH\CodeIgniter.php(353): CodeIgniter\CodeIgniter->handleRequest(null, Object(Config\Cache), false)
 9 FCPATH\index.php(79): CodeIgniter\CodeIgniter->run()
10 SYSTEMPATH\Commands\Server\rewrite.php(47): require_once('C:\\laragon\\www\\HealthCareProj\\public\\index.php')
CRITICAL - 2023-11-06 17:12:30 --> mysqli_query(): Argument #1 ($mysql) must be of type mysqli, null given
in APPPATH\Views\admin-panel1.php on line 283.
 1 APPPATH\Views\admin-panel1.php(283): mysqli_query(null, 'select * from doctb')
 2 SYSTEMPATH\View\View.php(226): include('C:\\laragon\\www\\HealthCareProj\\app\\Views\\admin-panel1.php')
 3 SYSTEMPATH\View\View.php(229): CodeIgniter\View\View->CodeIgniter\View\{closure}()
 4 SYSTEMPATH\Common.php(1188): CodeIgniter\View\View->render('admin-panel1', [], true)
 5 APPPATH\Controllers\Home.php(35): view('admin-panel1')
 6 SYSTEMPATH\CodeIgniter.php(919): App\Controllers\Home->admin_login()
 7 SYSTEMPATH\CodeIgniter.php(494): CodeIgniter\CodeIgniter->runController(Object(App\Controllers\Home))
 8 SYSTEMPATH\CodeIgniter.php(353): CodeIgniter\CodeIgniter->handleRequest(null, Object(Config\Cache), false)
 9 FCPATH\index.php(79): CodeIgniter\CodeIgniter->run()
10 SYSTEMPATH\Commands\Server\rewrite.php(47): require_once('C:\\laragon\\www\\HealthCareProj\\public\\index.php')
CRITICAL - 2023-11-06 17:12:54 --> include(newfunc.php): Failed to open stream: No such file or directory
in APPPATH\Views\admin-panel1.php on line 5.
 1 APPPATH\Views\admin-panel1.php(5): CodeIgniter\Debug\Exceptions->errorHandler(2, 'include(newfunc.php): Failed to open stream: No such file or directory', 'C:\\laragon\\www\\HealthCareProj\\app\\Views\\admin-panel1.php', 5)
 2 APPPATH\Views\admin-panel1.php(5): include()
 3 SYSTEMPATH\View\View.php(226): include('C:\\laragon\\www\\HealthCareProj\\app\\Views\\admin-panel1.php')
 4 SYSTEMPATH\View\View.php(229): CodeIgniter\View\View->CodeIgniter\View\{closure}()
 5 SYSTEMPATH\Common.php(1188): CodeIgniter\View\View->render('admin-panel1', [], true)
 6 APPPATH\Controllers\Home.php(35): view('admin-panel1')
 7 SYSTEMPATH\CodeIgniter.php(919): App\Controllers\Home->admin_login()
 8 SYSTEMPATH\CodeIgniter.php(494): CodeIgniter\CodeIgniter->runController(Object(App\Controllers\Home))
 9 SYSTEMPATH\CodeIgniter.php(353): CodeIgniter\CodeIgniter->handleRequest(null, Object(Config\Cache), false)
10 FCPATH\index.php(79): CodeIgniter\CodeIgniter->run()
11 SYSTEMPATH\Commands\Server\rewrite.php(47): require_once('C:\\laragon\\www\\HealthCareProj\\public\\index.php')
CRITICAL - 2023-11-06 17:14:48 --> ini_set(): Session ini settings cannot be changed when a session is active
in SYSTEMPATH\Session\Handlers\FileHandler.php on line 72.
 1 [internal function]: CodeIgniter\Debug\Exceptions->errorHandler(2, 'ini_set(): Session ini settings cannot be changed when a session is active', 'C:\\laragon\\www\\HealthCareProj\\system\\Session\\Handlers\\FileHandler.php', 72)
 2 SYSTEMPATH\Session\Handlers\FileHandler.php(72): ini_set('session.save_path', 'C:\\laragon\\www\\HealthCareProj\\writable\\session')
 3 SYSTEMPATH\Config\Services.php(685): CodeIgniter\Session\Handlers\FileHandler->__construct(Object(Config\Session), '::1')
 4 SYSTEMPATH\Config\BaseService.php(258): CodeIgniter\Config\Services::session(Object(Config\Session), false)
 5 SYSTEMPATH\Config\BaseService.php(199): CodeIgniter\Config\BaseService::__callStatic('session', [...])
 6 SYSTEMPATH\Config\Services.php(663): CodeIgniter\Config\BaseService::getSharedInstance('session', null)
 7 SYSTEMPATH\Config\BaseService.php(258): CodeIgniter\Config\Services::session()
 8 SYSTEMPATH\HTTP\RedirectResponse.php(132): CodeIgniter\Config\BaseService::__callStatic('session', [])
 9 APPPATH\Controllers\Home.php(37): CodeIgniter\HTTP\RedirectResponse->with('error', 'Invalid Username or Password. Try Again!')
10 SYSTEMPATH\CodeIgniter.php(919): App\Controllers\Home->admin_login()
11 SYSTEMPATH\CodeIgniter.php(494): CodeIgniter\CodeIgniter->runController(Object(App\Controllers\Home))
12 SYSTEMPATH\CodeIgniter.php(353): CodeIgniter\CodeIgniter->handleRequest(null, Object(Config\Cache), false)
13 FCPATH\index.php(79): CodeIgniter\CodeIgniter->run()
14 SYSTEMPATH\Commands\Server\rewrite.php(47): require_once('C:\\laragon\\www\\HealthCareProj\\public\\index.php')
CRITICAL - 2023-11-06 17:15:42 --> ini_set(): Session ini settings cannot be changed when a session is active
in SYSTEMPATH\Session\Handlers\FileHandler.php on line 72.
 1 [internal function]: CodeIgniter\Debug\Exceptions->errorHandler(2, 'ini_set(): Session ini settings cannot be changed when a session is active', 'C:\\laragon\\www\\HealthCareProj\\system\\Session\\Handlers\\FileHandler.php', 72)
 2 SYSTEMPATH\Session\Handlers\FileHandler.php(72): ini_set('session.save_path', 'C:\\laragon\\www\\HealthCareProj\\writable\\session')
 3 SYSTEMPATH\Config\Services.php(685): CodeIgniter\Session\Handlers\FileHandler->__construct(Object(Config\Session), '::1')
 4 SYSTEMPATH\Config\BaseService.php(258): CodeIgniter\Config\Services::session(Object(Config\Session), false)
 5 SYSTEMPATH\Config\BaseService.php(199): CodeIgniter\Config\BaseService::__callStatic('session', [...])
 6 SYSTEMPATH\Config\Services.php(663): CodeIgniter\Config\BaseService::getSharedInstance('session', null)
 7 SYSTEMPATH\Config\BaseService.php(258): CodeIgniter\Config\Services::session()
 8 SYSTEMPATH\HTTP\RedirectResponse.php(132): CodeIgniter\Config\BaseService::__callStatic('session', [])
 9 APPPATH\Controllers\Home.php(37): CodeIgniter\HTTP\RedirectResponse->with('error', 'Invalid Username or Password. Try Again!')
10 SYSTEMPATH\CodeIgniter.php(919): App\Controllers\Home->admin_login()
11 SYSTEMPATH\CodeIgniter.php(494): CodeIgniter\CodeIgniter->runController(Object(App\Controllers\Home))
12 SYSTEMPATH\CodeIgniter.php(353): CodeIgniter\CodeIgniter->handleRequest(null, Object(Config\Cache), false)
13 FCPATH\index.php(79): CodeIgniter\CodeIgniter->run()
14 SYSTEMPATH\Commands\Server\rewrite.php(47): require_once('C:\\laragon\\www\\HealthCareProj\\public\\index.php')
CRITICAL - 2023-11-06 17:15:54 --> include(newfunc.php): Failed to open stream: No such file or directory
in APPPATH\Views\admin-panel1.php on line 5.
 1 APPPATH\Views\admin-panel1.php(5): CodeIgniter\Debug\Exceptions->errorHandler(2, 'include(newfunc.php): Failed to open stream: No such file or directory', 'C:\\laragon\\www\\HealthCareProj\\app\\Views\\admin-panel1.php', 5)
 2 APPPATH\Views\admin-panel1.php(5): include()
 3 SYSTEMPATH\View\View.php(226): include('C:\\laragon\\www\\HealthCareProj\\app\\Views\\admin-panel1.php')
 4 SYSTEMPATH\View\View.php(229): CodeIgniter\View\View->CodeIgniter\View\{closure}()
 5 SYSTEMPATH\Common.php(1188): CodeIgniter\View\View->render('admin-panel1', [], true)
 6 APPPATH\Controllers\Home.php(35): view('admin-panel1')
 7 SYSTEMPATH\CodeIgniter.php(919): App\Controllers\Home->admin_login()
 8 SYSTEMPATH\CodeIgniter.php(494): CodeIgniter\CodeIgniter->runController(Object(App\Controllers\Home))
 9 SYSTEMPATH\CodeIgniter.php(353): CodeIgniter\CodeIgniter->handleRequest(null, Object(Config\Cache), false)
10 FCPATH\index.php(79): CodeIgniter\CodeIgniter->run()
11 SYSTEMPATH\Commands\Server\rewrite.php(47): require_once('C:\\laragon\\www\\HealthCareProj\\public\\index.php')
CRITICAL - 2023-11-06 17:20:10 --> Undefined variable $specializations
in APPPATH\Views\admin-panel1.php on line 5.
 1 APPPATH\Views\admin-panel1.php(5): CodeIgniter\Debug\Exceptions->errorHandler(2, 'Undefined variable $specializations', 'C:\\laragon\\www\\HealthCareProj\\app\\Views\\admin-panel1.php', 5)
 2 SYSTEMPATH\View\View.php(226): include('C:\\laragon\\www\\HealthCareProj\\app\\Views\\admin-panel1.php')
 3 SYSTEMPATH\View\View.php(229): CodeIgniter\View\View->CodeIgniter\View\{closure}()
 4 SYSTEMPATH\Common.php(1188): CodeIgniter\View\View->render('admin-panel1', [], true)
 5 APPPATH\Controllers\Home.php(35): view('admin-panel1')
 6 SYSTEMPATH\CodeIgniter.php(919): App\Controllers\Home->admin_login()
 7 SYSTEMPATH\CodeIgniter.php(494): CodeIgniter\CodeIgniter->runController(Object(App\Controllers\Home))
 8 SYSTEMPATH\CodeIgniter.php(353): CodeIgniter\CodeIgniter->handleRequest(null, Object(Config\Cache), false)
 9 FCPATH\index.php(79): CodeIgniter\CodeIgniter->run()
10 SYSTEMPATH\Commands\Server\rewrite.php(47): require_once('C:\\laragon\\www\\HealthCareProj\\public\\index.php')
CRITICAL - 2023-11-06 17:22:45 --> mysqli_query(): Argument #1 ($mysql) must be of type mysqli, null given
in APPPATH\Views\admin-panel1.php on line 284.
 1 APPPATH\Views\admin-panel1.php(284): mysqli_query(null, 'select * from doctb')
 2 SYSTEMPATH\View\View.php(226): include('C:\\laragon\\www\\HealthCareProj\\app\\Views\\admin-panel1.php')
 3 SYSTEMPATH\View\View.php(229): CodeIgniter\View\View->CodeIgniter\View\{closure}()
 4 SYSTEMPATH\Common.php(1188): CodeIgniter\View\View->render('admin-panel1', [], true)
 5 APPPATH\Controllers\Home.php(35): view('admin-panel1')
 6 SYSTEMPATH\CodeIgniter.php(919): App\Controllers\Home->admin_login()
 7 SYSTEMPATH\CodeIgniter.php(494): CodeIgniter\CodeIgniter->runController(Object(App\Controllers\Home))
 8 SYSTEMPATH\CodeIgniter.php(353): CodeIgniter\CodeIgniter->handleRequest(null, Object(Config\Cache), false)
 9 FCPATH\index.php(79): CodeIgniter\CodeIgniter->run()
10 SYSTEMPATH\Commands\Server\rewrite.php(47): require_once('C:\\laragon\\www\\HealthCareProj\\public\\index.php')
CRITICAL - 2023-11-06 17:24:21 --> mysqli_query(): Argument #1 ($mysql) must be of type mysqli, null given
in APPPATH\Views\admin-panel1.php on line 284.
 1 APPPATH\Views\admin-panel1.php(284): mysqli_query(null, 'select * from doctb')
 2 SYSTEMPATH\View\View.php(226): include('C:\\laragon\\www\\HealthCareProj\\app\\Views\\admin-panel1.php')
 3 SYSTEMPATH\View\View.php(229): CodeIgniter\View\View->CodeIgniter\View\{closure}()
 4 SYSTEMPATH\Common.php(1188): CodeIgniter\View\View->render('admin-panel1', [], true)
 5 APPPATH\Controllers\Home.php(35): view('admin-panel1')
 6 SYSTEMPATH\CodeIgniter.php(919): App\Controllers\Home->admin_login()
 7 SYSTEMPATH\CodeIgniter.php(494): CodeIgniter\CodeIgniter->runController(Object(App\Controllers\Home))
 8 SYSTEMPATH\CodeIgniter.php(353): CodeIgniter\CodeIgniter->handleRequest(null, Object(Config\Cache), false)
 9 FCPATH\index.php(79): CodeIgniter\CodeIgniter->run()
10 SYSTEMPATH\Commands\Server\rewrite.php(47): require_once('C:\\laragon\\www\\HealthCareProj\\public\\index.php')
CRITICAL - 2023-11-06 17:45:00 --> mysqli_query(): Argument #1 ($mysql) must be of type mysqli, null given
in APPPATH\Views\admin-panel1.php on line 284.
 1 APPPATH\Views\admin-panel1.php(284): mysqli_query(null, 'select * from doctb')
 2 SYSTEMPATH\View\View.php(226): include('C:\\laragon\\www\\HealthCareProj\\app\\Views\\admin-panel1.php')
 3 SYSTEMPATH\View\View.php(229): CodeIgniter\View\View->CodeIgniter\View\{closure}()
 4 SYSTEMPATH\Common.php(1188): CodeIgniter\View\View->render('admin-panel1', [], true)
 5 APPPATH\Controllers\Home.php(35): view('admin-panel1')
 6 SYSTEMPATH\CodeIgniter.php(919): App\Controllers\Home->admin_login()
 7 SYSTEMPATH\CodeIgniter.php(494): CodeIgniter\CodeIgniter->runController(Object(App\Controllers\Home))
 8 SYSTEMPATH\CodeIgniter.php(353): CodeIgniter\CodeIgniter->handleRequest(null, Object(Config\Cache), false)
 9 FCPATH\index.php(79): CodeIgniter\CodeIgniter->run()
10 SYSTEMPATH\Commands\Server\rewrite.php(47): require_once('C:\\laragon\\www\\HealthCareProj\\public\\index.php')
CRITICAL - 2023-11-06 17:45:35 --> mysqli_query(): Argument #1 ($mysql) must be of type mysqli, null given
in APPPATH\Views\admin-panel1.php on line 284.
 1 APPPATH\Views\admin-panel1.php(284): mysqli_query(null, 'select * from doctb')
 2 SYSTEMPATH\View\View.php(226): include('C:\\laragon\\www\\HealthCareProj\\app\\Views\\admin-panel1.php')
 3 SYSTEMPATH\View\View.php(229): CodeIgniter\View\View->CodeIgniter\View\{closure}()
 4 SYSTEMPATH\Common.php(1188): CodeIgniter\View\View->render('admin-panel1', [], true)
 5 APPPATH\Controllers\Home.php(35): view('admin-panel1')
 6 SYSTEMPATH\CodeIgniter.php(919): App\Controllers\Home->admin_login()
 7 SYSTEMPATH\CodeIgniter.php(494): CodeIgniter\CodeIgniter->runController(Object(App\Controllers\Home))
 8 SYSTEMPATH\CodeIgniter.php(353): CodeIgniter\CodeIgniter->handleRequest(null, Object(Config\Cache), false)
 9 FCPATH\index.php(79): CodeIgniter\CodeIgniter->run()
10 SYSTEMPATH\Commands\Server\rewrite.php(47): require_once('C:\\laragon\\www\\HealthCareProj\\public\\index.php')
CRITICAL - 2023-11-06 17:54:16 --> mysqli_query(): Argument #1 ($mysql) must be of type mysqli, null given
in APPPATH\Views\admin-panel1.php on line 284.
 1 APPPATH\Views\admin-panel1.php(284): mysqli_query(null, 'select * from doctb')
 2 SYSTEMPATH\View\View.php(226): include('C:\\laragon\\www\\HealthCareProj\\app\\Views\\admin-panel1.php')
 3 SYSTEMPATH\View\View.php(229): CodeIgniter\View\View->CodeIgniter\View\{closure}()
 4 SYSTEMPATH\Common.php(1188): CodeIgniter\View\View->render('admin-panel1', [], true)
 5 APPPATH\Controllers\Home.php(35): view('admin-panel1')
 6 SYSTEMPATH\CodeIgniter.php(919): App\Controllers\Home->admin_login()
 7 SYSTEMPATH\CodeIgniter.php(494): CodeIgniter\CodeIgniter->runController(Object(App\Controllers\Home))
 8 SYSTEMPATH\CodeIgniter.php(353): CodeIgniter\CodeIgniter->handleRequest(null, Object(Config\Cache), false)
 9 FCPATH\index.php(79): CodeIgniter\CodeIgniter->run()
10 SYSTEMPATH\Commands\Server\rewrite.php(47): require_once('C:\\laragon\\www\\HealthCareProj\\public\\index.php')
CRITICAL - 2023-11-06 17:54:26 --> mysqli_query(): Argument #1 ($mysql) must be of type mysqli, null given
in APPPATH\Views\admin-panel1.php on line 284.
 1 APPPATH\Views\admin-panel1.php(284): mysqli_query(null, 'select * from doctb')
 2 SYSTEMPATH\View\View.php(226): include('C:\\laragon\\www\\HealthCareProj\\app\\Views\\admin-panel1.php')
 3 SYSTEMPATH\View\View.php(229): CodeIgniter\View\View->CodeIgniter\View\{closure}()
 4 SYSTEMPATH\Common.php(1188): CodeIgniter\View\View->render('admin-panel1', [], true)
 5 APPPATH\Controllers\Home.php(35): view('admin-panel1')
 6 SYSTEMPATH\CodeIgniter.php(919): App\Controllers\Home->admin_login()
 7 SYSTEMPATH\CodeIgniter.php(494): CodeIgniter\CodeIgniter->runController(Object(App\Controllers\Home))
 8 SYSTEMPATH\CodeIgniter.php(353): CodeIgniter\CodeIgniter->handleRequest(null, Object(Config\Cache), false)
 9 FCPATH\index.php(79): CodeIgniter\CodeIgniter->run()
10 SYSTEMPATH\Commands\Server\rewrite.php(47): require_once('C:\\laragon\\www\\HealthCareProj\\public\\index.php')
CRITICAL - 2023-11-06 17:56:46 --> mysqli_query(): Argument #1 ($mysql) must be of type mysqli, null given
in APPPATH\Views\admin-panel1.php on line 284.
 1 APPPATH\Views\admin-panel1.php(284): mysqli_query(null, 'select * from doctb')
 2 SYSTEMPATH\View\View.php(226): include('C:\\laragon\\www\\HealthCareProj\\app\\Views\\admin-panel1.php')
 3 SYSTEMPATH\View\View.php(229): CodeIgniter\View\View->CodeIgniter\View\{closure}()
 4 SYSTEMPATH\Common.php(1188): CodeIgniter\View\View->render('admin-panel1', [], true)
 5 APPPATH\Controllers\Home.php(35): view('admin-panel1')
 6 SYSTEMPATH\CodeIgniter.php(919): App\Controllers\Home->admin_login()
 7 SYSTEMPATH\CodeIgniter.php(494): CodeIgniter\CodeIgniter->runController(Object(App\Controllers\Home))
 8 SYSTEMPATH\CodeIgniter.php(353): CodeIgniter\CodeIgniter->handleRequest(null, Object(Config\Cache), false)
 9 FCPATH\index.php(79): CodeIgniter\CodeIgniter->run()
10 SYSTEMPATH\Commands\Server\rewrite.php(47): require_once('C:\\laragon\\www\\HealthCareProj\\public\\index.php')
CRITICAL - 2023-11-06 17:57:59 --> mysqli_query(): Argument #1 ($mysql) must be of type mysqli, null given
in APPPATH\Views\admin-panel1.php on line 284.
 1 APPPATH\Views\admin-panel1.php(284): mysqli_query(null, 'select * from doctb')
 2 SYSTEMPATH\View\View.php(226): include('C:\\laragon\\www\\HealthCareProj\\app\\Views\\admin-panel1.php')
 3 SYSTEMPATH\View\View.php(229): CodeIgniter\View\View->CodeIgniter\View\{closure}()
 4 SYSTEMPATH\Common.php(1188): CodeIgniter\View\View->render('admin-panel1', [], true)
 5 APPPATH\Controllers\Home.php(35): view('admin-panel1')
 6 SYSTEMPATH\CodeIgniter.php(919): App\Controllers\Home->admin_login()
 7 SYSTEMPATH\CodeIgniter.php(494): CodeIgniter\CodeIgniter->runController(Object(App\Controllers\Home))
 8 SYSTEMPATH\CodeIgniter.php(353): CodeIgniter\CodeIgniter->handleRequest(null, Object(Config\Cache), false)
 9 FCPATH\index.php(79): CodeIgniter\CodeIgniter->run()
10 SYSTEMPATH\Commands\Server\rewrite.php(47): require_once('C:\\laragon\\www\\HealthCareProj\\public\\index.php')
CRITICAL - 2023-11-06 17:59:23 --> Unknown database 'hospitalms'
in APPPATH\Views\admin-panel1.php on line 281.
 1 APPPATH\Views\admin-panel1.php(281): mysqli_connect('localhost', 'root', '', 'hospitalms')
 2 SYSTEMPATH\View\View.php(226): include('C:\\laragon\\www\\HealthCareProj\\app\\Views\\admin-panel1.php')
 3 SYSTEMPATH\View\View.php(229): CodeIgniter\View\View->CodeIgniter\View\{closure}()
 4 SYSTEMPATH\Common.php(1188): CodeIgniter\View\View->render('admin-panel1', [], true)
 5 APPPATH\Controllers\Home.php(35): view('admin-panel1')
 6 SYSTEMPATH\CodeIgniter.php(919): App\Controllers\Home->admin_login()
 7 SYSTEMPATH\CodeIgniter.php(494): CodeIgniter\CodeIgniter->runController(Object(App\Controllers\Home))
 8 SYSTEMPATH\CodeIgniter.php(353): CodeIgniter\CodeIgniter->handleRequest(null, Object(Config\Cache), false)
 9 FCPATH\index.php(79): CodeIgniter\CodeIgniter->run()
10 SYSTEMPATH\Commands\Server\rewrite.php(47): require_once('C:\\laragon\\www\\HealthCareProj\\public\\index.php')
CRITICAL - 2023-11-06 18:00:23 --> mysqli_query(): Argument #1 ($mysql) must be of type mysqli, null given
in APPPATH\Views\admin-panel1.php on line 284.
 1 APPPATH\Views\admin-panel1.php(284): mysqli_query(null, 'select * from doctb')
 2 SYSTEMPATH\View\View.php(226): include('C:\\laragon\\www\\HealthCareProj\\app\\Views\\admin-panel1.php')
 3 SYSTEMPATH\View\View.php(229): CodeIgniter\View\View->CodeIgniter\View\{closure}()
 4 SYSTEMPATH\Common.php(1188): CodeIgniter\View\View->render('admin-panel1', [], true)
 5 APPPATH\Controllers\Home.php(35): view('admin-panel1')
 6 SYSTEMPATH\CodeIgniter.php(919): App\Controllers\Home->admin_login()
 7 SYSTEMPATH\CodeIgniter.php(494): CodeIgniter\CodeIgniter->runController(Object(App\Controllers\Home))
 8 SYSTEMPATH\CodeIgniter.php(353): CodeIgniter\CodeIgniter->handleRequest(null, Object(Config\Cache), false)
 9 FCPATH\index.php(79): CodeIgniter\CodeIgniter->run()
10 SYSTEMPATH\Commands\Server\rewrite.php(47): require_once('C:\\laragon\\www\\HealthCareProj\\public\\index.php')
CRITICAL - 2023-11-06 18:01:06 --> mysqli_query(): Argument #1 ($mysql) must be of type mysqli, null given
in APPPATH\Views\admin-panel1.php on line 284.
 1 APPPATH\Views\admin-panel1.php(284): mysqli_query(null, 'select * from doctb')
 2 SYSTEMPATH\View\View.php(226): include('C:\\laragon\\www\\HealthCareProj\\app\\Views\\admin-panel1.php')
 3 SYSTEMPATH\View\View.php(229): CodeIgniter\View\View->CodeIgniter\View\{closure}()
 4 SYSTEMPATH\Common.php(1188): CodeIgniter\View\View->render('admin-panel1', [], true)
 5 APPPATH\Controllers\Home.php(35): view('admin-panel1')
 6 SYSTEMPATH\CodeIgniter.php(919): App\Controllers\Home->admin_login()
 7 SYSTEMPATH\CodeIgniter.php(494): CodeIgniter\CodeIgniter->runController(Object(App\Controllers\Home))
 8 SYSTEMPATH\CodeIgniter.php(353): CodeIgniter\CodeIgniter->handleRequest(null, Object(Config\Cache), false)
 9 FCPATH\index.php(79): CodeIgniter\CodeIgniter->run()
10 SYSTEMPATH\Commands\Server\rewrite.php(47): require_once('C:\\laragon\\www\\HealthCareProj\\public\\index.php')
CRITICAL - 2023-11-06 18:01:20 --> mysqli_query(): Argument #1 ($mysql) must be of type mysqli, null given
in APPPATH\Views\admin-panel1.php on line 284.
 1 APPPATH\Views\admin-panel1.php(284): mysqli_query(null, 'select * from doctb')
 2 SYSTEMPATH\View\View.php(226): include('C:\\laragon\\www\\HealthCareProj\\app\\Views\\admin-panel1.php')
 3 SYSTEMPATH\View\View.php(229): CodeIgniter\View\View->CodeIgniter\View\{closure}()
 4 SYSTEMPATH\Common.php(1188): CodeIgniter\View\View->render('admin-panel1', [], true)
 5 APPPATH\Controllers\Home.php(35): view('admin-panel1')
 6 SYSTEMPATH\CodeIgniter.php(919): App\Controllers\Home->admin_login()
 7 SYSTEMPATH\CodeIgniter.php(494): CodeIgniter\CodeIgniter->runController(Object(App\Controllers\Home))
 8 SYSTEMPATH\CodeIgniter.php(353): CodeIgniter\CodeIgniter->handleRequest(null, Object(Config\Cache), false)
 9 FCPATH\index.php(79): CodeIgniter\CodeIgniter->run()
10 SYSTEMPATH\Commands\Server\rewrite.php(47): require_once('C:\\laragon\\www\\HealthCareProj\\public\\index.php')
CRITICAL - 2023-11-06 18:01:29 --> mysqli_query(): Argument #1 ($mysql) must be of type mysqli, null given
in APPPATH\Views\admin-panel1.php on line 284.
 1 APPPATH\Views\admin-panel1.php(284): mysqli_query(null, 'select * from doctb')
 2 SYSTEMPATH\View\View.php(226): include('C:\\laragon\\www\\HealthCareProj\\app\\Views\\admin-panel1.php')
 3 SYSTEMPATH\View\View.php(229): CodeIgniter\View\View->CodeIgniter\View\{closure}()
 4 SYSTEMPATH\Common.php(1188): CodeIgniter\View\View->render('admin-panel1', [], true)
 5 APPPATH\Controllers\Home.php(35): view('admin-panel1')
 6 SYSTEMPATH\CodeIgniter.php(919): App\Controllers\Home->admin_login()
 7 SYSTEMPATH\CodeIgniter.php(494): CodeIgniter\CodeIgniter->runController(Object(App\Controllers\Home))
 8 SYSTEMPATH\CodeIgniter.php(353): CodeIgniter\CodeIgniter->handleRequest(null, Object(Config\Cache), false)
 9 FCPATH\index.php(79): CodeIgniter\CodeIgniter->run()
10 SYSTEMPATH\Commands\Server\rewrite.php(47): require_once('C:\\laragon\\www\\HealthCareProj\\public\\index.php')
CRITICAL - 2023-11-06 18:18:43 --> mysqli_query(): Argument #1 ($mysql) must be of type mysqli, null given
in APPPATH\Views\admin-panel1.php on line 285.
 1 APPPATH\Views\admin-panel1.php(285): mysqli_query(null, 'select * from doctb')
 2 SYSTEMPATH\View\View.php(226): include('C:\\laragon\\www\\HealthCareProj\\app\\Views\\admin-panel1.php')
 3 SYSTEMPATH\View\View.php(229): CodeIgniter\View\View->CodeIgniter\View\{closure}()
 4 SYSTEMPATH\Common.php(1188): CodeIgniter\View\View->render('admin-panel1', [], true)
 5 APPPATH\Controllers\Home.php(92): view('admin-panel1')
 6 SYSTEMPATH\CodeIgniter.php(919): App\Controllers\Home->admin_panel1()
 7 SYSTEMPATH\CodeIgniter.php(494): CodeIgniter\CodeIgniter->runController(Object(App\Controllers\Home))
 8 SYSTEMPATH\CodeIgniter.php(353): CodeIgniter\CodeIgniter->handleRequest(null, Object(Config\Cache), false)
 9 FCPATH\index.php(79): CodeIgniter\CodeIgniter->run()
10 SYSTEMPATH\Commands\Server\rewrite.php(47): require_once('C:\\laragon\\www\\HealthCareProj\\public\\index.php')
CRITICAL - 2023-11-06 18:20:55 --> mysqli_query(): Argument #1 ($mysql) must be of type mysqli, null given
in APPPATH\Views\admin-panel1.php on line 285.
 1 APPPATH\Views\admin-panel1.php(285): mysqli_query(null, 'select * from doctb')
 2 SYSTEMPATH\View\View.php(226): include('C:\\laragon\\www\\HealthCareProj\\app\\Views\\admin-panel1.php')
 3 SYSTEMPATH\View\View.php(229): CodeIgniter\View\View->CodeIgniter\View\{closure}()
 4 SYSTEMPATH\Common.php(1188): CodeIgniter\View\View->render('admin-panel1', [], true)
 5 APPPATH\Controllers\Home.php(92): view('admin-panel1')
 6 SYSTEMPATH\CodeIgniter.php(919): App\Controllers\Home->admin_panel1()
 7 SYSTEMPATH\CodeIgniter.php(494): CodeIgniter\CodeIgniter->runController(Object(App\Controllers\Home))
 8 SYSTEMPATH\CodeIgniter.php(353): CodeIgniter\CodeIgniter->handleRequest(null, Object(Config\Cache), false)
 9 FCPATH\index.php(79): CodeIgniter\CodeIgniter->run()
10 SYSTEMPATH\Commands\Server\rewrite.php(47): require_once('C:\\laragon\\www\\HealthCareProj\\public\\index.php')
CRITICAL - 2023-11-06 18:20:57 --> mysqli_query(): Argument #1 ($mysql) must be of type mysqli, null given
in APPPATH\Views\admin-panel1.php on line 285.
 1 APPPATH\Views\admin-panel1.php(285): mysqli_query(null, 'select * from doctb')
 2 SYSTEMPATH\View\View.php(226): include('C:\\laragon\\www\\HealthCareProj\\app\\Views\\admin-panel1.php')
 3 SYSTEMPATH\View\View.php(229): CodeIgniter\View\View->CodeIgniter\View\{closure}()
 4 SYSTEMPATH\Common.php(1188): CodeIgniter\View\View->render('admin-panel1', [], true)
 5 APPPATH\Controllers\Home.php(92): view('admin-panel1')
 6 SYSTEMPATH\CodeIgniter.php(919): App\Controllers\Home->admin_panel1()
 7 SYSTEMPATH\CodeIgniter.php(494): CodeIgniter\CodeIgniter->runController(Object(App\Controllers\Home))
 8 SYSTEMPATH\CodeIgniter.php(353): CodeIgniter\CodeIgniter->handleRequest(null, Object(Config\Cache), false)
 9 FCPATH\index.php(79): CodeIgniter\CodeIgniter->run()
10 SYSTEMPATH\Commands\Server\rewrite.php(47): require_once('C:\\laragon\\www\\HealthCareProj\\public\\index.php')
CRITICAL - 2023-11-06 18:20:57 --> mysqli_query(): Argument #1 ($mysql) must be of type mysqli, null given
in APPPATH\Views\admin-panel1.php on line 285.
 1 APPPATH\Views\admin-panel1.php(285): mysqli_query(null, 'select * from doctb')
 2 SYSTEMPATH\View\View.php(226): include('C:\\laragon\\www\\HealthCareProj\\app\\Views\\admin-panel1.php')
 3 SYSTEMPATH\View\View.php(229): CodeIgniter\View\View->CodeIgniter\View\{closure}()
 4 SYSTEMPATH\Common.php(1188): CodeIgniter\View\View->render('admin-panel1', [], true)
 5 APPPATH\Controllers\Home.php(92): view('admin-panel1')
 6 SYSTEMPATH\CodeIgniter.php(919): App\Controllers\Home->admin_panel1()
 7 SYSTEMPATH\CodeIgniter.php(494): CodeIgniter\CodeIgniter->runController(Object(App\Controllers\Home))
 8 SYSTEMPATH\CodeIgniter.php(353): CodeIgniter\CodeIgniter->handleRequest(null, Object(Config\Cache), false)
 9 FCPATH\index.php(79): CodeIgniter\CodeIgniter->run()
10 SYSTEMPATH\Commands\Server\rewrite.php(47): require_once('C:\\laragon\\www\\HealthCareProj\\public\\index.php')
CRITICAL - 2023-11-06 18:21:07 --> mysqli_query(): Argument #1 ($mysql) must be of type mysqli, null given
in APPPATH\Views\admin-panel1.php on line 285.
 1 APPPATH\Views\admin-panel1.php(285): mysqli_query(null, 'select * from doctb')
 2 SYSTEMPATH\View\View.php(226): include('C:\\laragon\\www\\HealthCareProj\\app\\Views\\admin-panel1.php')
 3 SYSTEMPATH\View\View.php(229): CodeIgniter\View\View->CodeIgniter\View\{closure}()
 4 SYSTEMPATH\Common.php(1188): CodeIgniter\View\View->render('admin-panel1', [], true)
 5 APPPATH\Controllers\Home.php(92): view('admin-panel1')
 6 SYSTEMPATH\CodeIgniter.php(919): App\Controllers\Home->admin_panel1()
 7 SYSTEMPATH\CodeIgniter.php(494): CodeIgniter\CodeIgniter->runController(Object(App\Controllers\Home))
 8 SYSTEMPATH\CodeIgniter.php(353): CodeIgniter\CodeIgniter->handleRequest(null, Object(Config\Cache), false)
 9 FCPATH\index.php(79): CodeIgniter\CodeIgniter->run()
10 SYSTEMPATH\Commands\Server\rewrite.php(47): require_once('C:\\laragon\\www\\HealthCareProj\\public\\index.php')
CRITICAL - 2023-11-06 18:25:41 --> mysqli_query(): Argument #1 ($mysql) must be of type mysqli, null given
in APPPATH\Views\admin-panel1.php on line 285.
 1 APPPATH\Views\admin-panel1.php(285): mysqli_query(null, 'select * from doctb')
 2 SYSTEMPATH\View\View.php(226): include('C:\\laragon\\www\\HealthCareProj\\app\\Views\\admin-panel1.php')
 3 SYSTEMPATH\View\View.php(229): CodeIgniter\View\View->CodeIgniter\View\{closure}()
 4 SYSTEMPATH\Common.php(1188): CodeIgniter\View\View->render('admin-panel1', [], true)
 5 APPPATH\Controllers\Home.php(92): view('admin-panel1')
 6 SYSTEMPATH\CodeIgniter.php(919): App\Controllers\Home->admin_panel1()
 7 SYSTEMPATH\CodeIgniter.php(494): CodeIgniter\CodeIgniter->runController(Object(App\Controllers\Home))
 8 SYSTEMPATH\CodeIgniter.php(353): CodeIgniter\CodeIgniter->handleRequest(null, Object(Config\Cache), false)
 9 FCPATH\index.php(79): CodeIgniter\CodeIgniter->run()
10 SYSTEMPATH\Commands\Server\rewrite.php(47): require_once('C:\\laragon\\www\\HealthCareProj\\public\\index.php')
CRITICAL - 2023-11-06 18:25:44 --> mysqli_query(): Argument #1 ($mysql) must be of type mysqli, null given
in APPPATH\Views\admin-panel1.php on line 285.
 1 APPPATH\Views\admin-panel1.php(285): mysqli_query(null, 'select * from doctb')
 2 SYSTEMPATH\View\View.php(226): include('C:\\laragon\\www\\HealthCareProj\\app\\Views\\admin-panel1.php')
 3 SYSTEMPATH\View\View.php(229): CodeIgniter\View\View->CodeIgniter\View\{closure}()
 4 SYSTEMPATH\Common.php(1188): CodeIgniter\View\View->render('admin-panel1', [], true)
 5 APPPATH\Controllers\Home.php(92): view('admin-panel1')
 6 SYSTEMPATH\CodeIgniter.php(919): App\Controllers\Home->admin_panel1()
 7 SYSTEMPATH\CodeIgniter.php(494): CodeIgniter\CodeIgniter->runController(Object(App\Controllers\Home))
 8 SYSTEMPATH\CodeIgniter.php(353): CodeIgniter\CodeIgniter->handleRequest(null, Object(Config\Cache), false)
 9 FCPATH\index.php(79): CodeIgniter\CodeIgniter->run()
10 SYSTEMPATH\Commands\Server\rewrite.php(47): require_once('C:\\laragon\\www\\HealthCareProj\\public\\index.php')
CRITICAL - 2023-11-06 18:25:45 --> mysqli_query(): Argument #1 ($mysql) must be of type mysqli, null given
in APPPATH\Views\admin-panel1.php on line 285.
 1 APPPATH\Views\admin-panel1.php(285): mysqli_query(null, 'select * from doctb')
 2 SYSTEMPATH\View\View.php(226): include('C:\\laragon\\www\\HealthCareProj\\app\\Views\\admin-panel1.php')
 3 SYSTEMPATH\View\View.php(229): CodeIgniter\View\View->CodeIgniter\View\{closure}()
 4 SYSTEMPATH\Common.php(1188): CodeIgniter\View\View->render('admin-panel1', [], true)
 5 APPPATH\Controllers\Home.php(92): view('admin-panel1')
 6 SYSTEMPATH\CodeIgniter.php(919): App\Controllers\Home->admin_panel1()
 7 SYSTEMPATH\CodeIgniter.php(494): CodeIgniter\CodeIgniter->runController(Object(App\Controllers\Home))
 8 SYSTEMPATH\CodeIgniter.php(353): CodeIgniter\CodeIgniter->handleRequest(null, Object(Config\Cache), false)
 9 FCPATH\index.php(79): CodeIgniter\CodeIgniter->run()
10 SYSTEMPATH\Commands\Server\rewrite.php(47): require_once('C:\\laragon\\www\\HealthCareProj\\public\\index.php')
CRITICAL - 2023-11-06 18:25:45 --> mysqli_query(): Argument #1 ($mysql) must be of type mysqli, null given
in APPPATH\Views\admin-panel1.php on line 285.
 1 APPPATH\Views\admin-panel1.php(285): mysqli_query(null, 'select * from doctb')
 2 SYSTEMPATH\View\View.php(226): include('C:\\laragon\\www\\HealthCareProj\\app\\Views\\admin-panel1.php')
 3 SYSTEMPATH\View\View.php(229): CodeIgniter\View\View->CodeIgniter\View\{closure}()
 4 SYSTEMPATH\Common.php(1188): CodeIgniter\View\View->render('admin-panel1', [], true)
 5 APPPATH\Controllers\Home.php(92): view('admin-panel1')
 6 SYSTEMPATH\CodeIgniter.php(919): App\Controllers\Home->admin_panel1()
 7 SYSTEMPATH\CodeIgniter.php(494): CodeIgniter\CodeIgniter->runController(Object(App\Controllers\Home))
 8 SYSTEMPATH\CodeIgniter.php(353): CodeIgniter\CodeIgniter->handleRequest(null, Object(Config\Cache), false)
 9 FCPATH\index.php(79): CodeIgniter\CodeIgniter->run()
10 SYSTEMPATH\Commands\Server\rewrite.php(47): require_once('C:\\laragon\\www\\HealthCareProj\\public\\index.php')
CRITICAL - 2023-11-06 18:25:45 --> mysqli_query(): Argument #1 ($mysql) must be of type mysqli, null given
in APPPATH\Views\admin-panel1.php on line 285.
 1 APPPATH\Views\admin-panel1.php(285): mysqli_query(null, 'select * from doctb')
 2 SYSTEMPATH\View\View.php(226): include('C:\\laragon\\www\\HealthCareProj\\app\\Views\\admin-panel1.php')
 3 SYSTEMPATH\View\View.php(229): CodeIgniter\View\View->CodeIgniter\View\{closure}()
 4 SYSTEMPATH\Common.php(1188): CodeIgniter\View\View->render('admin-panel1', [], true)
 5 APPPATH\Controllers\Home.php(92): view('admin-panel1')
 6 SYSTEMPATH\CodeIgniter.php(919): App\Controllers\Home->admin_panel1()
 7 SYSTEMPATH\CodeIgniter.php(494): CodeIgniter\CodeIgniter->runController(Object(App\Controllers\Home))
 8 SYSTEMPATH\CodeIgniter.php(353): CodeIgniter\CodeIgniter->handleRequest(null, Object(Config\Cache), false)
 9 FCPATH\index.php(79): CodeIgniter\CodeIgniter->run()
10 SYSTEMPATH\Commands\Server\rewrite.php(47): require_once('C:\\laragon\\www\\HealthCareProj\\public\\index.php')
CRITICAL - 2023-11-06 18:25:46 --> mysqli_query(): Argument #1 ($mysql) must be of type mysqli, null given
in APPPATH\Views\admin-panel1.php on line 285.
 1 APPPATH\Views\admin-panel1.php(285): mysqli_query(null, 'select * from doctb')
 2 SYSTEMPATH\View\View.php(226): include('C:\\laragon\\www\\HealthCareProj\\app\\Views\\admin-panel1.php')
 3 SYSTEMPATH\View\View.php(229): CodeIgniter\View\View->CodeIgniter\View\{closure}()
 4 SYSTEMPATH\Common.php(1188): CodeIgniter\View\View->render('admin-panel1', [], true)
 5 APPPATH\Controllers\Home.php(92): view('admin-panel1')
 6 SYSTEMPATH\CodeIgniter.php(919): App\Controllers\Home->admin_panel1()
 7 SYSTEMPATH\CodeIgniter.php(494): CodeIgniter\CodeIgniter->runController(Object(App\Controllers\Home))
 8 SYSTEMPATH\CodeIgniter.php(353): CodeIgniter\CodeIgniter->handleRequest(null, Object(Config\Cache), false)
 9 FCPATH\index.php(79): CodeIgniter\CodeIgniter->run()
10 SYSTEMPATH\Commands\Server\rewrite.php(47): require_once('C:\\laragon\\www\\HealthCareProj\\public\\index.php')
CRITICAL - 2023-11-06 18:28:22 --> mysqli_query(): Argument #1 ($mysql) must be of type mysqli, null given
in APPPATH\Views\admin-panel1.php on line 285.
 1 APPPATH\Views\admin-panel1.php(285): mysqli_query(null, 'select * from doctb')
 2 SYSTEMPATH\View\View.php(226): include('C:\\laragon\\www\\HealthCareProj\\app\\Views\\admin-panel1.php')
 3 SYSTEMPATH\View\View.php(229): CodeIgniter\View\View->CodeIgniter\View\{closure}()
 4 SYSTEMPATH\Common.php(1188): CodeIgniter\View\View->render('admin-panel1', [], true)
 5 APPPATH\Controllers\Home.php(102): view('admin-panel1')
 6 SYSTEMPATH\CodeIgniter.php(919): App\Controllers\Home->admin_panel1()
 7 SYSTEMPATH\CodeIgniter.php(494): CodeIgniter\CodeIgniter->runController(Object(App\Controllers\Home))
 8 SYSTEMPATH\CodeIgniter.php(353): CodeIgniter\CodeIgniter->handleRequest(null, Object(Config\Cache), false)
 9 FCPATH\index.php(79): CodeIgniter\CodeIgniter->run()
10 SYSTEMPATH\Commands\Server\rewrite.php(47): require_once('C:\\laragon\\www\\HealthCareProj\\public\\index.php')
CRITICAL - 2023-11-06 18:28:24 --> mysqli_query(): Argument #1 ($mysql) must be of type mysqli, null given
in APPPATH\Views\admin-panel1.php on line 285.
 1 APPPATH\Views\admin-panel1.php(285): mysqli_query(null, 'select * from doctb')
 2 SYSTEMPATH\View\View.php(226): include('C:\\laragon\\www\\HealthCareProj\\app\\Views\\admin-panel1.php')
 3 SYSTEMPATH\View\View.php(229): CodeIgniter\View\View->CodeIgniter\View\{closure}()
 4 SYSTEMPATH\Common.php(1188): CodeIgniter\View\View->render('admin-panel1', [], true)
 5 APPPATH\Controllers\Home.php(102): view('admin-panel1')
 6 SYSTEMPATH\CodeIgniter.php(919): App\Controllers\Home->admin_panel1()
 7 SYSTEMPATH\CodeIgniter.php(494): CodeIgniter\CodeIgniter->runController(Object(App\Controllers\Home))
 8 SYSTEMPATH\CodeIgniter.php(353): CodeIgniter\CodeIgniter->handleRequest(null, Object(Config\Cache), false)
 9 FCPATH\index.php(79): CodeIgniter\CodeIgniter->run()
10 SYSTEMPATH\Commands\Server\rewrite.php(47): require_once('C:\\laragon\\www\\HealthCareProj\\public\\index.php')
CRITICAL - 2023-11-06 18:28:24 --> mysqli_query(): Argument #1 ($mysql) must be of type mysqli, null given
in APPPATH\Views\admin-panel1.php on line 285.
 1 APPPATH\Views\admin-panel1.php(285): mysqli_query(null, 'select * from doctb')
 2 SYSTEMPATH\View\View.php(226): include('C:\\laragon\\www\\HealthCareProj\\app\\Views\\admin-panel1.php')
 3 SYSTEMPATH\View\View.php(229): CodeIgniter\View\View->CodeIgniter\View\{closure}()
 4 SYSTEMPATH\Common.php(1188): CodeIgniter\View\View->render('admin-panel1', [], true)
 5 APPPATH\Controllers\Home.php(102): view('admin-panel1')
 6 SYSTEMPATH\CodeIgniter.php(919): App\Controllers\Home->admin_panel1()
 7 SYSTEMPATH\CodeIgniter.php(494): CodeIgniter\CodeIgniter->runController(Object(App\Controllers\Home))
 8 SYSTEMPATH\CodeIgniter.php(353): CodeIgniter\CodeIgniter->handleRequest(null, Object(Config\Cache), false)
 9 FCPATH\index.php(79): CodeIgniter\CodeIgniter->run()
10 SYSTEMPATH\Commands\Server\rewrite.php(47): require_once('C:\\laragon\\www\\HealthCareProj\\public\\index.php')
CRITICAL - 2023-11-06 18:28:25 --> mysqli_query(): Argument #1 ($mysql) must be of type mysqli, null given
in APPPATH\Views\admin-panel1.php on line 285.
 1 APPPATH\Views\admin-panel1.php(285): mysqli_query(null, 'select * from doctb')
 2 SYSTEMPATH\View\View.php(226): include('C:\\laragon\\www\\HealthCareProj\\app\\Views\\admin-panel1.php')
 3 SYSTEMPATH\View\View.php(229): CodeIgniter\View\View->CodeIgniter\View\{closure}()
 4 SYSTEMPATH\Common.php(1188): CodeIgniter\View\View->render('admin-panel1', [], true)
 5 APPPATH\Controllers\Home.php(102): view('admin-panel1')
 6 SYSTEMPATH\CodeIgniter.php(919): App\Controllers\Home->admin_panel1()
 7 SYSTEMPATH\CodeIgniter.php(494): CodeIgniter\CodeIgniter->runController(Object(App\Controllers\Home))
 8 SYSTEMPATH\CodeIgniter.php(353): CodeIgniter\CodeIgniter->handleRequest(null, Object(Config\Cache), false)
 9 FCPATH\index.php(79): CodeIgniter\CodeIgniter->run()
10 SYSTEMPATH\Commands\Server\rewrite.php(47): require_once('C:\\laragon\\www\\HealthCareProj\\public\\index.php')
CRITICAL - 2023-11-06 18:29:28 --> mysqli_query(): Argument #1 ($mysql) must be of type mysqli, null given
in APPPATH\Views\admin-panel1.php on line 285.
 1 APPPATH\Views\admin-panel1.php(285): mysqli_query(null, 'select * from doctb')
 2 SYSTEMPATH\View\View.php(226): include('C:\\laragon\\www\\HealthCareProj\\app\\Views\\admin-panel1.php')
 3 SYSTEMPATH\View\View.php(229): CodeIgniter\View\View->CodeIgniter\View\{closure}()
 4 SYSTEMPATH\Common.php(1188): CodeIgniter\View\View->render('admin-panel1', [], true)
 5 APPPATH\Controllers\Home.php(108): view('admin-panel1')
 6 SYSTEMPATH\CodeIgniter.php(919): App\Controllers\Home->admin_panel1()
 7 SYSTEMPATH\CodeIgniter.php(494): CodeIgniter\CodeIgniter->runController(Object(App\Controllers\Home))
 8 SYSTEMPATH\CodeIgniter.php(353): CodeIgniter\CodeIgniter->handleRequest(null, Object(Config\Cache), false)
 9 FCPATH\index.php(79): CodeIgniter\CodeIgniter->run()
10 SYSTEMPATH\Commands\Server\rewrite.php(47): require_once('C:\\laragon\\www\\HealthCareProj\\public\\index.php')
CRITICAL - 2023-11-06 18:29:29 --> mysqli_query(): Argument #1 ($mysql) must be of type mysqli, null given
in APPPATH\Views\admin-panel1.php on line 285.
 1 APPPATH\Views\admin-panel1.php(285): mysqli_query(null, 'select * from doctb')
 2 SYSTEMPATH\View\View.php(226): include('C:\\laragon\\www\\HealthCareProj\\app\\Views\\admin-panel1.php')
 3 SYSTEMPATH\View\View.php(229): CodeIgniter\View\View->CodeIgniter\View\{closure}()
 4 SYSTEMPATH\Common.php(1188): CodeIgniter\View\View->render('admin-panel1', [], true)
 5 APPPATH\Controllers\Home.php(108): view('admin-panel1')
 6 SYSTEMPATH\CodeIgniter.php(919): App\Controllers\Home->admin_panel1()
 7 SYSTEMPATH\CodeIgniter.php(494): CodeIgniter\CodeIgniter->runController(Object(App\Controllers\Home))
 8 SYSTEMPATH\CodeIgniter.php(353): CodeIgniter\CodeIgniter->handleRequest(null, Object(Config\Cache), false)
 9 FCPATH\index.php(79): CodeIgniter\CodeIgniter->run()
10 SYSTEMPATH\Commands\Server\rewrite.php(47): require_once('C:\\laragon\\www\\HealthCareProj\\public\\index.php')
CRITICAL - 2023-11-06 18:29:29 --> mysqli_query(): Argument #1 ($mysql) must be of type mysqli, null given
in APPPATH\Views\admin-panel1.php on line 285.
 1 APPPATH\Views\admin-panel1.php(285): mysqli_query(null, 'select * from doctb')
 2 SYSTEMPATH\View\View.php(226): include('C:\\laragon\\www\\HealthCareProj\\app\\Views\\admin-panel1.php')
 3 SYSTEMPATH\View\View.php(229): CodeIgniter\View\View->CodeIgniter\View\{closure}()
 4 SYSTEMPATH\Common.php(1188): CodeIgniter\View\View->render('admin-panel1', [], true)
 5 APPPATH\Controllers\Home.php(108): view('admin-panel1')
 6 SYSTEMPATH\CodeIgniter.php(919): App\Controllers\Home->admin_panel1()
 7 SYSTEMPATH\CodeIgniter.php(494): CodeIgniter\CodeIgniter->runController(Object(App\Controllers\Home))
 8 SYSTEMPATH\CodeIgniter.php(353): CodeIgniter\CodeIgniter->handleRequest(null, Object(Config\Cache), false)
 9 FCPATH\index.php(79): CodeIgniter\CodeIgniter->run()
10 SYSTEMPATH\Commands\Server\rewrite.php(47): require_once('C:\\laragon\\www\\HealthCareProj\\public\\index.php')
CRITICAL - 2023-11-06 18:29:30 --> mysqli_query(): Argument #1 ($mysql) must be of type mysqli, null given
in APPPATH\Views\admin-panel1.php on line 285.
 1 APPPATH\Views\admin-panel1.php(285): mysqli_query(null, 'select * from doctb')
 2 SYSTEMPATH\View\View.php(226): include('C:\\laragon\\www\\HealthCareProj\\app\\Views\\admin-panel1.php')
 3 SYSTEMPATH\View\View.php(229): CodeIgniter\View\View->CodeIgniter\View\{closure}()
 4 SYSTEMPATH\Common.php(1188): CodeIgniter\View\View->render('admin-panel1', [], true)
 5 APPPATH\Controllers\Home.php(108): view('admin-panel1')
 6 SYSTEMPATH\CodeIgniter.php(919): App\Controllers\Home->admin_panel1()
 7 SYSTEMPATH\CodeIgniter.php(494): CodeIgniter\CodeIgniter->runController(Object(App\Controllers\Home))
 8 SYSTEMPATH\CodeIgniter.php(353): CodeIgniter\CodeIgniter->handleRequest(null, Object(Config\Cache), false)
 9 FCPATH\index.php(79): CodeIgniter\CodeIgniter->run()
10 SYSTEMPATH\Commands\Server\rewrite.php(47): require_once('C:\\laragon\\www\\HealthCareProj\\public\\index.php')
CRITICAL - 2023-11-06 18:29:30 --> mysqli_query(): Argument #1 ($mysql) must be of type mysqli, null given
in APPPATH\Views\admin-panel1.php on line 285.
 1 APPPATH\Views\admin-panel1.php(285): mysqli_query(null, 'select * from doctb')
 2 SYSTEMPATH\View\View.php(226): include('C:\\laragon\\www\\HealthCareProj\\app\\Views\\admin-panel1.php')
 3 SYSTEMPATH\View\View.php(229): CodeIgniter\View\View->CodeIgniter\View\{closure}()
 4 SYSTEMPATH\Common.php(1188): CodeIgniter\View\View->render('admin-panel1', [], true)
 5 APPPATH\Controllers\Home.php(108): view('admin-panel1')
 6 SYSTEMPATH\CodeIgniter.php(919): App\Controllers\Home->admin_panel1()
 7 SYSTEMPATH\CodeIgniter.php(494): CodeIgniter\CodeIgniter->runController(Object(App\Controllers\Home))
 8 SYSTEMPATH\CodeIgniter.php(353): CodeIgniter\CodeIgniter->handleRequest(null, Object(Config\Cache), false)
 9 FCPATH\index.php(79): CodeIgniter\CodeIgniter->run()
10 SYSTEMPATH\Commands\Server\rewrite.php(47): require_once('C:\\laragon\\www\\HealthCareProj\\public\\index.php')
CRITICAL - 2023-11-06 18:29:31 --> mysqli_query(): Argument #1 ($mysql) must be of type mysqli, null given
in APPPATH\Views\admin-panel1.php on line 285.
 1 APPPATH\Views\admin-panel1.php(285): mysqli_query(null, 'select * from doctb')
 2 SYSTEMPATH\View\View.php(226): include('C:\\laragon\\www\\HealthCareProj\\app\\Views\\admin-panel1.php')
 3 SYSTEMPATH\View\View.php(229): CodeIgniter\View\View->CodeIgniter\View\{closure}()
 4 SYSTEMPATH\Common.php(1188): CodeIgniter\View\View->render('admin-panel1', [], true)
 5 APPPATH\Controllers\Home.php(108): view('admin-panel1')
 6 SYSTEMPATH\CodeIgniter.php(919): App\Controllers\Home->admin_panel1()
 7 SYSTEMPATH\CodeIgniter.php(494): CodeIgniter\CodeIgniter->runController(Object(App\Controllers\Home))
 8 SYSTEMPATH\CodeIgniter.php(353): CodeIgniter\CodeIgniter->handleRequest(null, Object(Config\Cache), false)
 9 FCPATH\index.php(79): CodeIgniter\CodeIgniter->run()
10 SYSTEMPATH\Commands\Server\rewrite.php(47): require_once('C:\\laragon\\www\\HealthCareProj\\public\\index.php')
CRITICAL - 2023-11-06 18:42:34 --> mysqli_query(): Argument #1 ($mysql) must be of type mysqli, null given
in APPPATH\Views\admin-panel1.php on line 285.
 1 APPPATH\Views\admin-panel1.php(285): mysqli_query(null, 'select * from doctb')
 2 SYSTEMPATH\View\View.php(226): include('C:\\laragon\\www\\HealthCareProj\\app\\Views\\admin-panel1.php')
 3 SYSTEMPATH\View\View.php(229): CodeIgniter\View\View->CodeIgniter\View\{closure}()
 4 SYSTEMPATH\Common.php(1188): CodeIgniter\View\View->render('admin-panel1', [], true)
 5 APPPATH\Controllers\Home.php(10): view('admin-panel1')
 6 SYSTEMPATH\CodeIgniter.php(919): App\Controllers\Home->index()
 7 SYSTEMPATH\CodeIgniter.php(494): CodeIgniter\CodeIgniter->runController(Object(App\Controllers\Home))
 8 SYSTEMPATH\CodeIgniter.php(353): CodeIgniter\CodeIgniter->handleRequest(null, Object(Config\Cache), false)
 9 FCPATH\index.php(79): CodeIgniter\CodeIgniter->run()
10 SYSTEMPATH\Commands\Server\rewrite.php(47): require_once('C:\\laragon\\www\\HealthCareProj\\public\\index.php')
CRITICAL - 2023-11-06 18:45:42 --> mysqli_query(): Argument #1 ($mysql) must be of type mysqli, null given
in APPPATH\Views\admin-panel1.php on line 285.
 1 APPPATH\Views\admin-panel1.php(285): mysqli_query(null, 'select * from doctb')
 2 SYSTEMPATH\View\View.php(226): include('C:\\laragon\\www\\HealthCareProj\\app\\Views\\admin-panel1.php')
 3 SYSTEMPATH\View\View.php(229): CodeIgniter\View\View->CodeIgniter\View\{closure}()
 4 SYSTEMPATH\Common.php(1188): CodeIgniter\View\View->render('admin-panel1', [], true)
 5 APPPATH\Controllers\Home.php(10): view('admin-panel1')
 6 SYSTEMPATH\CodeIgniter.php(919): App\Controllers\Home->index()
 7 SYSTEMPATH\CodeIgniter.php(494): CodeIgniter\CodeIgniter->runController(Object(App\Controllers\Home))
 8 SYSTEMPATH\CodeIgniter.php(353): CodeIgniter\CodeIgniter->handleRequest(null, Object(Config\Cache), false)
 9 FCPATH\index.php(79): CodeIgniter\CodeIgniter->run()
10 SYSTEMPATH\Commands\Server\rewrite.php(47): require_once('C:\\laragon\\www\\HealthCareProj\\public\\index.php')
CRITICAL - 2023-11-06 18:46:19 --> mysqli_query(): Argument #1 ($mysql) must be of type mysqli, null given
in APPPATH\Views\admin-panel1.php on line 285.
 1 APPPATH\Views\admin-panel1.php(285): mysqli_query(null, 'select * from doctb')
 2 SYSTEMPATH\View\View.php(226): include('C:\\laragon\\www\\HealthCareProj\\app\\Views\\admin-panel1.php')
 3 SYSTEMPATH\View\View.php(229): CodeIgniter\View\View->CodeIgniter\View\{closure}()
 4 SYSTEMPATH\Common.php(1188): CodeIgniter\View\View->render('admin-panel1', [], true)
 5 APPPATH\Controllers\Home.php(10): view('admin-panel1')
 6 SYSTEMPATH\CodeIgniter.php(919): App\Controllers\Home->index()
 7 SYSTEMPATH\CodeIgniter.php(494): CodeIgniter\CodeIgniter->runController(Object(App\Controllers\Home))
 8 SYSTEMPATH\CodeIgniter.php(353): CodeIgniter\CodeIgniter->handleRequest(null, Object(Config\Cache), false)
 9 FCPATH\index.php(79): CodeIgniter\CodeIgniter->run()
10 SYSTEMPATH\Commands\Server\rewrite.php(47): require_once('C:\\laragon\\www\\HealthCareProj\\public\\index.php')
