CRITICAL - 2023-11-14 03:24:00 --> Undefined variable $doctor
in APPPATH\Views\prescribe.php on line 80.
 1 APPPATH\Views\prescribe.php(80): CodeIgniter\Debug\Exceptions->errorHandler(2, 'Undefined variable $doctor', 'C:\\laragon\\www\\HealthCareProj\\app\\Views\\prescribe.php', 80)
 2 SYSTEMPATH\View\View.php(226): include('C:\\laragon\\www\\HealthCareProj\\app\\Views\\prescribe.php')
 3 SYSTEMPATH\View\View.php(229): CodeIgniter\View\View->CodeIgniter\View\{closure}()
 4 SYSTEMPATH\Common.php(1188): CodeIgniter\View\View->render('prescribe', [], true)
 5 APPPATH\Controllers\Home.php(11): view('prescribe')
 6 SYSTEMPATH\CodeIgniter.php(919): App\Controllers\Home->index()
 7 SYSTEMPATH\CodeIgniter.php(494): CodeIgniter\CodeIgniter->runController(Object(App\Controllers\Home))
 8 SYSTEMPATH\CodeIgniter.php(353): CodeIgniter\CodeIgniter->handleRequest(null, Object(Config\Cache), false)
 9 FCPATH\index.php(79): CodeIgniter\CodeIgniter->run()
10 SYSTEMPATH\Commands\Server\rewrite.php(47): require_once('C:\\laragon\\www\\HealthCareProj\\public\\index.php')
CRITICAL - 2023-11-14 03:29:45 --> Undefined global variable $_SESSION
in APPPATH\Views\doctor-panel.php on line 74.
 1 APPPATH\Views\doctor-panel.php(74): CodeIgniter\Debug\Exceptions->errorHandler(2, 'Undefined global variable $_SESSION', 'C:\\laragon\\www\\HealthCareProj\\app\\Views\\doctor-panel.php', 74)
 2 SYSTEMPATH\View\View.php(226): include('C:\\laragon\\www\\HealthCareProj\\app\\Views\\doctor-panel.php')
 3 SYSTEMPATH\View\View.php(229): CodeIgniter\View\View->CodeIgniter\View\{closure}()
 4 SYSTEMPATH\Common.php(1188): CodeIgniter\View\View->render('doctor-panel', [], true)
 5 APPPATH\Controllers\Home.php(11): view('doctor-panel')
 6 SYSTEMPATH\CodeIgniter.php(919): App\Controllers\Home->index()
 7 SYSTEMPATH\CodeIgniter.php(494): CodeIgniter\CodeIgniter->runController(Object(App\Controllers\Home))
 8 SYSTEMPATH\CodeIgniter.php(353): CodeIgniter\CodeIgniter->handleRequest(null, Object(Config\Cache), false)
 9 FCPATH\index.php(79): CodeIgniter\CodeIgniter->run()
10 SYSTEMPATH\Commands\Server\rewrite.php(47): require_once('C:\\laragon\\www\\HealthCareProj\\public\\index.php')
CRITICAL - 2023-11-14 03:36:51 --> Invalid file: "index.php"
in SYSTEMPATH\Exceptions\FrameworkException.php on line 39.
 1 SYSTEMPATH\View\View.php(214): CodeIgniter\Exceptions\FrameworkException::forInvalidFile('index.php')
 2 SYSTEMPATH\Common.php(1188): CodeIgniter\View\View->render('index', [], true)
 3 APPPATH\Controllers\Home.php(36): view('index')
 4 SYSTEMPATH\CodeIgniter.php(919): App\Controllers\Home->logout()
 5 SYSTEMPATH\CodeIgniter.php(494): CodeIgniter\CodeIgniter->runController(Object(App\Controllers\Home))
 6 SYSTEMPATH\CodeIgniter.php(353): CodeIgniter\CodeIgniter->handleRequest(null, Object(Config\Cache), false)
 7 FCPATH\index.php(79): CodeIgniter\CodeIgniter->run()
 8 SYSTEMPATH\Commands\Server\rewrite.php(47): require_once('C:\\laragon\\www\\HealthCareProj\\public\\index.php')
CRITICAL - 2023-11-14 03:37:49 --> Invalid file: "index.php"
in SYSTEMPATH\Exceptions\FrameworkException.php on line 39.
 1 SYSTEMPATH\View\View.php(214): CodeIgniter\Exceptions\FrameworkException::forInvalidFile('index.php')
 2 SYSTEMPATH\Common.php(1188): CodeIgniter\View\View->render('index', [], true)
 3 APPPATH\Controllers\Home.php(36): view('index')
 4 SYSTEMPATH\CodeIgniter.php(919): App\Controllers\Home->logout()
 5 SYSTEMPATH\CodeIgniter.php(494): CodeIgniter\CodeIgniter->runController(Object(App\Controllers\Home))
 6 SYSTEMPATH\CodeIgniter.php(353): CodeIgniter\CodeIgniter->handleRequest(null, Object(Config\Cache), false)
 7 FCPATH\index.php(79): CodeIgniter\CodeIgniter->run()
 8 SYSTEMPATH\Commands\Server\rewrite.php(47): require_once('C:\\laragon\\www\\HealthCareProj\\public\\index.php')
CRITICAL - 2023-11-14 03:38:03 --> Invalid file: "/index.php"
in SYSTEMPATH\Exceptions\FrameworkException.php on line 39.
 1 SYSTEMPATH\View\View.php(214): CodeIgniter\Exceptions\FrameworkException::forInvalidFile('/index.php')
 2 SYSTEMPATH\Common.php(1188): CodeIgniter\View\View->render('/index', [], true)
 3 APPPATH\Controllers\Home.php(36): view('/index')
 4 SYSTEMPATH\CodeIgniter.php(919): App\Controllers\Home->logout()
 5 SYSTEMPATH\CodeIgniter.php(494): CodeIgniter\CodeIgniter->runController(Object(App\Controllers\Home))
 6 SYSTEMPATH\CodeIgniter.php(353): CodeIgniter\CodeIgniter->handleRequest(null, Object(Config\Cache), false)
 7 FCPATH\index.php(79): CodeIgniter\CodeIgniter->run()
 8 SYSTEMPATH\Commands\Server\rewrite.php(47): require_once('C:\\laragon\\www\\HealthCareProj\\public\\index.php')
CRITICAL - 2023-11-14 03:38:08 --> Invalid file: "/index.php"
in SYSTEMPATH\Exceptions\FrameworkException.php on line 39.
 1 SYSTEMPATH\View\View.php(214): CodeIgniter\Exceptions\FrameworkException::forInvalidFile('/index.php')
 2 SYSTEMPATH\Common.php(1188): CodeIgniter\View\View->render('/index', [], true)
 3 APPPATH\Controllers\Home.php(36): view('/index')
 4 SYSTEMPATH\CodeIgniter.php(919): App\Controllers\Home->logout()
 5 SYSTEMPATH\CodeIgniter.php(494): CodeIgniter\CodeIgniter->runController(Object(App\Controllers\Home))
 6 SYSTEMPATH\CodeIgniter.php(353): CodeIgniter\CodeIgniter->handleRequest(null, Object(Config\Cache), false)
 7 FCPATH\index.php(79): CodeIgniter\CodeIgniter->run()
 8 SYSTEMPATH\Commands\Server\rewrite.php(47): require_once('C:\\laragon\\www\\HealthCareProj\\public\\index.php')
CRITICAL - 2023-11-14 05:40:57 --> Call to undefined function display_docs()
in APPPATH\Views\func.php on line 74.
 1 SYSTEMPATH\View\View.php(226): include()
 2 SYSTEMPATH\View\View.php(229): CodeIgniter\View\View->CodeIgniter\View\{closure}()
 3 SYSTEMPATH\Common.php(1188): CodeIgniter\View\View->render('func', [], true)
 4 APPPATH\Controllers\Home.php(11): view('func')
 5 SYSTEMPATH\CodeIgniter.php(919): App\Controllers\Home->index()
 6 SYSTEMPATH\CodeIgniter.php(494): CodeIgniter\CodeIgniter->runController(Object(App\Controllers\Home))
 7 SYSTEMPATH\CodeIgniter.php(353): CodeIgniter\CodeIgniter->handleRequest(null, Object(Config\Cache), false)
 8 FCPATH\index.php(79): CodeIgniter\CodeIgniter->run()
 9 SYSTEMPATH\Commands\Server\rewrite.php(47): require_once('C:\\laragon\\www\\HealthCareProj\\public\\index.php')
CRITICAL - 2023-11-14 06:18:59 --> include(viewpat): Failed to open stream: No such file or directory
in APPPATH\Views\include\admpanel.php on line 197.
 1 APPPATH\Views\include\admpanel.php(197): CodeIgniter\Debug\Exceptions->errorHandler(2, 'include(viewpat): Failed to open stream: No such file or directory', 'C:\\laragon\\www\\HealthCareProj\\app\\Views\\include\\admpanel.php', 197)
 2 APPPATH\Views\include\admpanel.php(197): include()
 3 SYSTEMPATH\View\View.php(226): include('C:\\laragon\\www\\HealthCareProj\\app\\Views\\include\\admpanel.php')
 4 SYSTEMPATH\View\View.php(229): CodeIgniter\View\View->CodeIgniter\View\{closure}()
 5 SYSTEMPATH\Common.php(1188): CodeIgniter\View\View->render('include/admpanel', [], true)
 6 APPPATH\Controllers\Home.php(26): view('include/admpanel')
 7 SYSTEMPATH\CodeIgniter.php(919): App\Controllers\Home->adminPanel1()
 8 SYSTEMPATH\CodeIgniter.php(494): CodeIgniter\CodeIgniter->runController(Object(App\Controllers\Home))
 9 SYSTEMPATH\CodeIgniter.php(353): CodeIgniter\CodeIgniter->handleRequest(null, Object(Config\Cache), false)
10 FCPATH\index.php(79): CodeIgniter\CodeIgniter->run()
11 SYSTEMPATH\Commands\Server\rewrite.php(47): require_once('C:\\laragon\\www\\HealthCareProj\\public\\index.php')
CRITICAL - 2023-11-14 06:19:42 --> include(viewpat.php): Failed to open stream: No such file or directory
in APPPATH\Views\include\admpanel.php on line 197.
 1 APPPATH\Views\include\admpanel.php(197): CodeIgniter\Debug\Exceptions->errorHandler(2, 'include(viewpat.php): Failed to open stream: No such file or directory', 'C:\\laragon\\www\\HealthCareProj\\app\\Views\\include\\admpanel.php', 197)
 2 APPPATH\Views\include\admpanel.php(197): include()
 3 SYSTEMPATH\View\View.php(226): include('C:\\laragon\\www\\HealthCareProj\\app\\Views\\include\\admpanel.php')
 4 SYSTEMPATH\View\View.php(229): CodeIgniter\View\View->CodeIgniter\View\{closure}()
 5 SYSTEMPATH\Common.php(1188): CodeIgniter\View\View->render('include/admpanel', [], true)
 6 APPPATH\Controllers\Home.php(26): view('include/admpanel')
 7 SYSTEMPATH\CodeIgniter.php(919): App\Controllers\Home->adminPanel1()
 8 SYSTEMPATH\CodeIgniter.php(494): CodeIgniter\CodeIgniter->runController(Object(App\Controllers\Home))
 9 SYSTEMPATH\CodeIgniter.php(353): CodeIgniter\CodeIgniter->handleRequest(null, Object(Config\Cache), false)
10 FCPATH\index.php(79): CodeIgniter\CodeIgniter->run()
11 SYSTEMPATH\Commands\Server\rewrite.php(47): require_once('C:\\laragon\\www\\HealthCareProj\\public\\index.php')
CRITICAL - 2023-11-14 06:20:51 --> include(viewpat.php): Failed to open stream: No such file or directory
in APPPATH\Views\include\admpanel.php on line 197.
 1 APPPATH\Views\include\admpanel.php(197): CodeIgniter\Debug\Exceptions->errorHandler(2, 'include(viewpat.php): Failed to open stream: No such file or directory', 'C:\\laragon\\www\\HealthCareProj\\app\\Views\\include\\admpanel.php', 197)
 2 APPPATH\Views\include\admpanel.php(197): include()
 3 SYSTEMPATH\View\View.php(226): include('C:\\laragon\\www\\HealthCareProj\\app\\Views\\include\\admpanel.php')
 4 SYSTEMPATH\View\View.php(229): CodeIgniter\View\View->CodeIgniter\View\{closure}()
 5 SYSTEMPATH\Common.php(1188): CodeIgniter\View\View->render('include/admpanel', [], true)
 6 APPPATH\Controllers\Home.php(26): view('include/admpanel')
 7 SYSTEMPATH\CodeIgniter.php(919): App\Controllers\Home->adminPanel1()
 8 SYSTEMPATH\CodeIgniter.php(494): CodeIgniter\CodeIgniter->runController(Object(App\Controllers\Home))
 9 SYSTEMPATH\CodeIgniter.php(353): CodeIgniter\CodeIgniter->handleRequest(null, Object(Config\Cache), false)
10 FCPATH\index.php(79): CodeIgniter\CodeIgniter->run()
11 SYSTEMPATH\Commands\Server\rewrite.php(47): require_once('C:\\laragon\\www\\HealthCareProj\\public\\index.php')
CRITICAL - 2023-11-14 06:20:53 --> include(viewpat.php): Failed to open stream: No such file or directory
in APPPATH\Views\include\admpanel.php on line 197.
 1 APPPATH\Views\include\admpanel.php(197): CodeIgniter\Debug\Exceptions->errorHandler(2, 'include(viewpat.php): Failed to open stream: No such file or directory', 'C:\\laragon\\www\\HealthCareProj\\app\\Views\\include\\admpanel.php', 197)
 2 APPPATH\Views\include\admpanel.php(197): include()
 3 SYSTEMPATH\View\View.php(226): include('C:\\laragon\\www\\HealthCareProj\\app\\Views\\include\\admpanel.php')
 4 SYSTEMPATH\View\View.php(229): CodeIgniter\View\View->CodeIgniter\View\{closure}()
 5 SYSTEMPATH\Common.php(1188): CodeIgniter\View\View->render('include/admpanel', [], true)
 6 APPPATH\Controllers\Home.php(26): view('include/admpanel')
 7 SYSTEMPATH\CodeIgniter.php(919): App\Controllers\Home->adminPanel1()
 8 SYSTEMPATH\CodeIgniter.php(494): CodeIgniter\CodeIgniter->runController(Object(App\Controllers\Home))
 9 SYSTEMPATH\CodeIgniter.php(353): CodeIgniter\CodeIgniter->handleRequest(null, Object(Config\Cache), false)
10 FCPATH\index.php(79): CodeIgniter\CodeIgniter->run()
11 SYSTEMPATH\Commands\Server\rewrite.php(47): require_once('C:\\laragon\\www\\HealthCareProj\\public\\index.php')
CRITICAL - 2023-11-14 06:20:53 --> include(viewpat.php): Failed to open stream: No such file or directory
in APPPATH\Views\include\admpanel.php on line 197.
 1 APPPATH\Views\include\admpanel.php(197): CodeIgniter\Debug\Exceptions->errorHandler(2, 'include(viewpat.php): Failed to open stream: No such file or directory', 'C:\\laragon\\www\\HealthCareProj\\app\\Views\\include\\admpanel.php', 197)
 2 APPPATH\Views\include\admpanel.php(197): include()
 3 SYSTEMPATH\View\View.php(226): include('C:\\laragon\\www\\HealthCareProj\\app\\Views\\include\\admpanel.php')
 4 SYSTEMPATH\View\View.php(229): CodeIgniter\View\View->CodeIgniter\View\{closure}()
 5 SYSTEMPATH\Common.php(1188): CodeIgniter\View\View->render('include/admpanel', [], true)
 6 APPPATH\Controllers\Home.php(26): view('include/admpanel')
 7 SYSTEMPATH\CodeIgniter.php(919): App\Controllers\Home->adminPanel1()
 8 SYSTEMPATH\CodeIgniter.php(494): CodeIgniter\CodeIgniter->runController(Object(App\Controllers\Home))
 9 SYSTEMPATH\CodeIgniter.php(353): CodeIgniter\CodeIgniter->handleRequest(null, Object(Config\Cache), false)
10 FCPATH\index.php(79): CodeIgniter\CodeIgniter->run()
11 SYSTEMPATH\Commands\Server\rewrite.php(47): require_once('C:\\laragon\\www\\HealthCareProj\\public\\index.php')
CRITICAL - 2023-11-14 06:20:53 --> include(viewpat.php): Failed to open stream: No such file or directory
in APPPATH\Views\include\admpanel.php on line 197.
 1 APPPATH\Views\include\admpanel.php(197): CodeIgniter\Debug\Exceptions->errorHandler(2, 'include(viewpat.php): Failed to open stream: No such file or directory', 'C:\\laragon\\www\\HealthCareProj\\app\\Views\\include\\admpanel.php', 197)
 2 APPPATH\Views\include\admpanel.php(197): include()
 3 SYSTEMPATH\View\View.php(226): include('C:\\laragon\\www\\HealthCareProj\\app\\Views\\include\\admpanel.php')
 4 SYSTEMPATH\View\View.php(229): CodeIgniter\View\View->CodeIgniter\View\{closure}()
 5 SYSTEMPATH\Common.php(1188): CodeIgniter\View\View->render('include/admpanel', [], true)
 6 APPPATH\Controllers\Home.php(26): view('include/admpanel')
 7 SYSTEMPATH\CodeIgniter.php(919): App\Controllers\Home->adminPanel1()
 8 SYSTEMPATH\CodeIgniter.php(494): CodeIgniter\CodeIgniter->runController(Object(App\Controllers\Home))
 9 SYSTEMPATH\CodeIgniter.php(353): CodeIgniter\CodeIgniter->handleRequest(null, Object(Config\Cache), false)
10 FCPATH\index.php(79): CodeIgniter\CodeIgniter->run()
11 SYSTEMPATH\Commands\Server\rewrite.php(47): require_once('C:\\laragon\\www\\HealthCareProj\\public\\index.php')
CRITICAL - 2023-11-14 06:21:18 --> include(viewpat): Failed to open stream: No such file or directory
in APPPATH\Views\include\admpanel.php on line 197.
 1 APPPATH\Views\include\admpanel.php(197): CodeIgniter\Debug\Exceptions->errorHandler(2, 'include(viewpat): Failed to open stream: No such file or directory', 'C:\\laragon\\www\\HealthCareProj\\app\\Views\\include\\admpanel.php', 197)
 2 APPPATH\Views\include\admpanel.php(197): include()
 3 SYSTEMPATH\View\View.php(226): include('C:\\laragon\\www\\HealthCareProj\\app\\Views\\include\\admpanel.php')
 4 SYSTEMPATH\View\View.php(229): CodeIgniter\View\View->CodeIgniter\View\{closure}()
 5 SYSTEMPATH\Common.php(1188): CodeIgniter\View\View->render('include/admpanel', [], true)
 6 APPPATH\Controllers\Home.php(26): view('include/admpanel')
 7 SYSTEMPATH\CodeIgniter.php(919): App\Controllers\Home->adminPanel1()
 8 SYSTEMPATH\CodeIgniter.php(494): CodeIgniter\CodeIgniter->runController(Object(App\Controllers\Home))
 9 SYSTEMPATH\CodeIgniter.php(353): CodeIgniter\CodeIgniter->handleRequest(null, Object(Config\Cache), false)
10 FCPATH\index.php(79): CodeIgniter\CodeIgniter->run()
11 SYSTEMPATH\Commands\Server\rewrite.php(47): require_once('C:\\laragon\\www\\HealthCareProj\\public\\index.php')
