CRITICAL - 2023-11-08 01:28:53 --> mysqli_query(): Argument #1 ($mysql) must be of type mysqli, null given
in APPPATH\Views\admin_panel1.php on line 272.
 1 APPPATH\Views\admin_panel1.php(272): mysqli_query(null, 'select * from doctb')
 2 SYSTEMPATH\View\View.php(226): include('C:\\laragon\\www\\HealthCareProj\\app\\Views\\admin_panel1.php')
 3 SYSTEMPATH\View\View.php(229): CodeIgniter\View\View->CodeIgniter\View\{closure}()
 4 SYSTEMPATH\Common.php(1188): CodeIgniter\View\View->render('admin_panel1', [], true)
 5 APPPATH\Controllers\Home.php(11): view('admin_panel1')
 6 SYSTEMPATH\CodeIgniter.php(919): App\Controllers\Home->index()
 7 SYSTEMPATH\CodeIgniter.php(494): CodeIgniter\CodeIgniter->runController(Object(App\Controllers\Home))
 8 SYSTEMPATH\CodeIgniter.php(353): CodeIgniter\CodeIgniter->handleRequest(null, Object(Config\Cache), false)
 9 FCPATH\index.php(79): CodeIgniter\CodeIgniter->run()
10 SYSTEMPATH\Commands\Server\rewrite.php(47): require_once('C:\\laragon\\www\\HealthCareProj\\public\\index.php')
CRITICAL - 2023-11-08 01:29:26 --> mysqli_query(): Argument #1 ($mysql) must be of type mysqli, null given
in APPPATH\Views\admin_panel1.php on line 270.
 1 APPPATH\Views\admin_panel1.php(270): mysqli_query(null, 'select * from doctb')
 2 SYSTEMPATH\View\View.php(226): include('C:\\laragon\\www\\HealthCareProj\\app\\Views\\admin_panel1.php')
 3 SYSTEMPATH\View\View.php(229): CodeIgniter\View\View->CodeIgniter\View\{closure}()
 4 SYSTEMPATH\Common.php(1188): CodeIgniter\View\View->render('admin_panel1', [], true)
 5 APPPATH\Controllers\Home.php(11): view('admin_panel1')
 6 SYSTEMPATH\CodeIgniter.php(919): App\Controllers\Home->index()
 7 SYSTEMPATH\CodeIgniter.php(494): CodeIgniter\CodeIgniter->runController(Object(App\Controllers\Home))
 8 SYSTEMPATH\CodeIgniter.php(353): CodeIgniter\CodeIgniter->handleRequest(null, Object(Config\Cache), false)
 9 FCPATH\index.php(79): CodeIgniter\CodeIgniter->run()
10 SYSTEMPATH\Commands\Server\rewrite.php(47): require_once('C:\\laragon\\www\\HealthCareProj\\public\\index.php')
CRITICAL - 2023-11-08 01:29:28 --> mysqli_query(): Argument #1 ($mysql) must be of type mysqli, null given
in APPPATH\Views\admin_panel1.php on line 270.
 1 APPPATH\Views\admin_panel1.php(270): mysqli_query(null, 'select * from doctb')
 2 SYSTEMPATH\View\View.php(226): include('C:\\laragon\\www\\HealthCareProj\\app\\Views\\admin_panel1.php')
 3 SYSTEMPATH\View\View.php(229): CodeIgniter\View\View->CodeIgniter\View\{closure}()
 4 SYSTEMPATH\Common.php(1188): CodeIgniter\View\View->render('admin_panel1', [], true)
 5 APPPATH\Controllers\Home.php(11): view('admin_panel1')
 6 SYSTEMPATH\CodeIgniter.php(919): App\Controllers\Home->index()
 7 SYSTEMPATH\CodeIgniter.php(494): CodeIgniter\CodeIgniter->runController(Object(App\Controllers\Home))
 8 SYSTEMPATH\CodeIgniter.php(353): CodeIgniter\CodeIgniter->handleRequest(null, Object(Config\Cache), false)
 9 FCPATH\index.php(79): CodeIgniter\CodeIgniter->run()
10 SYSTEMPATH\Commands\Server\rewrite.php(47): require_once('C:\\laragon\\www\\HealthCareProj\\public\\index.php')
CRITICAL - 2023-11-08 01:29:28 --> mysqli_query(): Argument #1 ($mysql) must be of type mysqli, null given
in APPPATH\Views\admin_panel1.php on line 270.
 1 APPPATH\Views\admin_panel1.php(270): mysqli_query(null, 'select * from doctb')
 2 SYSTEMPATH\View\View.php(226): include('C:\\laragon\\www\\HealthCareProj\\app\\Views\\admin_panel1.php')
 3 SYSTEMPATH\View\View.php(229): CodeIgniter\View\View->CodeIgniter\View\{closure}()
 4 SYSTEMPATH\Common.php(1188): CodeIgniter\View\View->render('admin_panel1', [], true)
 5 APPPATH\Controllers\Home.php(11): view('admin_panel1')
 6 SYSTEMPATH\CodeIgniter.php(919): App\Controllers\Home->index()
 7 SYSTEMPATH\CodeIgniter.php(494): CodeIgniter\CodeIgniter->runController(Object(App\Controllers\Home))
 8 SYSTEMPATH\CodeIgniter.php(353): CodeIgniter\CodeIgniter->handleRequest(null, Object(Config\Cache), false)
 9 FCPATH\index.php(79): CodeIgniter\CodeIgniter->run()
10 SYSTEMPATH\Commands\Server\rewrite.php(47): require_once('C:\\laragon\\www\\HealthCareProj\\public\\index.php')
CRITICAL - 2023-11-08 01:29:28 --> mysqli_query(): Argument #1 ($mysql) must be of type mysqli, null given
in APPPATH\Views\admin_panel1.php on line 270.
 1 APPPATH\Views\admin_panel1.php(270): mysqli_query(null, 'select * from doctb')
 2 SYSTEMPATH\View\View.php(226): include('C:\\laragon\\www\\HealthCareProj\\app\\Views\\admin_panel1.php')
 3 SYSTEMPATH\View\View.php(229): CodeIgniter\View\View->CodeIgniter\View\{closure}()
 4 SYSTEMPATH\Common.php(1188): CodeIgniter\View\View->render('admin_panel1', [], true)
 5 APPPATH\Controllers\Home.php(11): view('admin_panel1')
 6 SYSTEMPATH\CodeIgniter.php(919): App\Controllers\Home->index()
 7 SYSTEMPATH\CodeIgniter.php(494): CodeIgniter\CodeIgniter->runController(Object(App\Controllers\Home))
 8 SYSTEMPATH\CodeIgniter.php(353): CodeIgniter\CodeIgniter->handleRequest(null, Object(Config\Cache), false)
 9 FCPATH\index.php(79): CodeIgniter\CodeIgniter->run()
10 SYSTEMPATH\Commands\Server\rewrite.php(47): require_once('C:\\laragon\\www\\HealthCareProj\\public\\index.php')
CRITICAL - 2023-11-08 01:29:28 --> mysqli_query(): Argument #1 ($mysql) must be of type mysqli, null given
in APPPATH\Views\admin_panel1.php on line 270.
 1 APPPATH\Views\admin_panel1.php(270): mysqli_query(null, 'select * from doctb')
 2 SYSTEMPATH\View\View.php(226): include('C:\\laragon\\www\\HealthCareProj\\app\\Views\\admin_panel1.php')
 3 SYSTEMPATH\View\View.php(229): CodeIgniter\View\View->CodeIgniter\View\{closure}()
 4 SYSTEMPATH\Common.php(1188): CodeIgniter\View\View->render('admin_panel1', [], true)
 5 APPPATH\Controllers\Home.php(11): view('admin_panel1')
 6 SYSTEMPATH\CodeIgniter.php(919): App\Controllers\Home->index()
 7 SYSTEMPATH\CodeIgniter.php(494): CodeIgniter\CodeIgniter->runController(Object(App\Controllers\Home))
 8 SYSTEMPATH\CodeIgniter.php(353): CodeIgniter\CodeIgniter->handleRequest(null, Object(Config\Cache), false)
 9 FCPATH\index.php(79): CodeIgniter\CodeIgniter->run()
10 SYSTEMPATH\Commands\Server\rewrite.php(47): require_once('C:\\laragon\\www\\HealthCareProj\\public\\index.php')
CRITICAL - 2023-11-08 01:29:32 --> mysqli_query(): Argument #1 ($mysql) must be of type mysqli, null given
in APPPATH\Views\admin_panel1.php on line 270.
 1 APPPATH\Views\admin_panel1.php(270): mysqli_query(null, 'select * from doctb')
 2 SYSTEMPATH\View\View.php(226): include('C:\\laragon\\www\\HealthCareProj\\app\\Views\\admin_panel1.php')
 3 SYSTEMPATH\View\View.php(229): CodeIgniter\View\View->CodeIgniter\View\{closure}()
 4 SYSTEMPATH\Common.php(1188): CodeIgniter\View\View->render('admin_panel1', [], true)
 5 APPPATH\Controllers\Home.php(11): view('admin_panel1')
 6 SYSTEMPATH\CodeIgniter.php(919): App\Controllers\Home->index()
 7 SYSTEMPATH\CodeIgniter.php(494): CodeIgniter\CodeIgniter->runController(Object(App\Controllers\Home))
 8 SYSTEMPATH\CodeIgniter.php(353): CodeIgniter\CodeIgniter->handleRequest(null, Object(Config\Cache), false)
 9 FCPATH\index.php(79): CodeIgniter\CodeIgniter->run()
10 SYSTEMPATH\Commands\Server\rewrite.php(47): require_once('C:\\laragon\\www\\HealthCareProj\\public\\index.php')
CRITICAL - 2023-11-08 01:29:59 --> mysqli_query(): Argument #1 ($mysql) must be of type mysqli, null given
in APPPATH\Views\admin_panel1.php on line 254.
 1 APPPATH\Views\admin_panel1.php(254): mysqli_query(null, 'select * from doctb')
 2 SYSTEMPATH\View\View.php(226): include('C:\\laragon\\www\\HealthCareProj\\app\\Views\\admin_panel1.php')
 3 SYSTEMPATH\View\View.php(229): CodeIgniter\View\View->CodeIgniter\View\{closure}()
 4 SYSTEMPATH\Common.php(1188): CodeIgniter\View\View->render('admin_panel1', [], true)
 5 APPPATH\Controllers\Home.php(11): view('admin_panel1')
 6 SYSTEMPATH\CodeIgniter.php(919): App\Controllers\Home->index()
 7 SYSTEMPATH\CodeIgniter.php(494): CodeIgniter\CodeIgniter->runController(Object(App\Controllers\Home))
 8 SYSTEMPATH\CodeIgniter.php(353): CodeIgniter\CodeIgniter->handleRequest(null, Object(Config\Cache), false)
 9 FCPATH\index.php(79): CodeIgniter\CodeIgniter->run()
10 SYSTEMPATH\Commands\Server\rewrite.php(47): require_once('C:\\laragon\\www\\HealthCareProj\\public\\index.php')
CRITICAL - 2023-11-08 01:30:00 --> mysqli_query(): Argument #1 ($mysql) must be of type mysqli, null given
in APPPATH\Views\admin_panel1.php on line 254.
 1 APPPATH\Views\admin_panel1.php(254): mysqli_query(null, 'select * from doctb')
 2 SYSTEMPATH\View\View.php(226): include('C:\\laragon\\www\\HealthCareProj\\app\\Views\\admin_panel1.php')
 3 SYSTEMPATH\View\View.php(229): CodeIgniter\View\View->CodeIgniter\View\{closure}()
 4 SYSTEMPATH\Common.php(1188): CodeIgniter\View\View->render('admin_panel1', [], true)
 5 APPPATH\Controllers\Home.php(11): view('admin_panel1')
 6 SYSTEMPATH\CodeIgniter.php(919): App\Controllers\Home->index()
 7 SYSTEMPATH\CodeIgniter.php(494): CodeIgniter\CodeIgniter->runController(Object(App\Controllers\Home))
 8 SYSTEMPATH\CodeIgniter.php(353): CodeIgniter\CodeIgniter->handleRequest(null, Object(Config\Cache), false)
 9 FCPATH\index.php(79): CodeIgniter\CodeIgniter->run()
10 SYSTEMPATH\Commands\Server\rewrite.php(47): require_once('C:\\laragon\\www\\HealthCareProj\\public\\index.php')
CRITICAL - 2023-11-08 01:30:00 --> mysqli_query(): Argument #1 ($mysql) must be of type mysqli, null given
in APPPATH\Views\admin_panel1.php on line 254.
 1 APPPATH\Views\admin_panel1.php(254): mysqli_query(null, 'select * from doctb')
 2 SYSTEMPATH\View\View.php(226): include('C:\\laragon\\www\\HealthCareProj\\app\\Views\\admin_panel1.php')
 3 SYSTEMPATH\View\View.php(229): CodeIgniter\View\View->CodeIgniter\View\{closure}()
 4 SYSTEMPATH\Common.php(1188): CodeIgniter\View\View->render('admin_panel1', [], true)
 5 APPPATH\Controllers\Home.php(11): view('admin_panel1')
 6 SYSTEMPATH\CodeIgniter.php(919): App\Controllers\Home->index()
 7 SYSTEMPATH\CodeIgniter.php(494): CodeIgniter\CodeIgniter->runController(Object(App\Controllers\Home))
 8 SYSTEMPATH\CodeIgniter.php(353): CodeIgniter\CodeIgniter->handleRequest(null, Object(Config\Cache), false)
 9 FCPATH\index.php(79): CodeIgniter\CodeIgniter->run()
10 SYSTEMPATH\Commands\Server\rewrite.php(47): require_once('C:\\laragon\\www\\HealthCareProj\\public\\index.php')
CRITICAL - 2023-11-08 01:30:01 --> mysqli_query(): Argument #1 ($mysql) must be of type mysqli, null given
in APPPATH\Views\admin_panel1.php on line 254.
 1 APPPATH\Views\admin_panel1.php(254): mysqli_query(null, 'select * from doctb')
 2 SYSTEMPATH\View\View.php(226): include('C:\\laragon\\www\\HealthCareProj\\app\\Views\\admin_panel1.php')
 3 SYSTEMPATH\View\View.php(229): CodeIgniter\View\View->CodeIgniter\View\{closure}()
 4 SYSTEMPATH\Common.php(1188): CodeIgniter\View\View->render('admin_panel1', [], true)
 5 APPPATH\Controllers\Home.php(11): view('admin_panel1')
 6 SYSTEMPATH\CodeIgniter.php(919): App\Controllers\Home->index()
 7 SYSTEMPATH\CodeIgniter.php(494): CodeIgniter\CodeIgniter->runController(Object(App\Controllers\Home))
 8 SYSTEMPATH\CodeIgniter.php(353): CodeIgniter\CodeIgniter->handleRequest(null, Object(Config\Cache), false)
 9 FCPATH\index.php(79): CodeIgniter\CodeIgniter->run()
10 SYSTEMPATH\Commands\Server\rewrite.php(47): require_once('C:\\laragon\\www\\HealthCareProj\\public\\index.php')
CRITICAL - 2023-11-08 01:30:01 --> mysqli_query(): Argument #1 ($mysql) must be of type mysqli, null given
in APPPATH\Views\admin_panel1.php on line 254.
 1 APPPATH\Views\admin_panel1.php(254): mysqli_query(null, 'select * from doctb')
 2 SYSTEMPATH\View\View.php(226): include('C:\\laragon\\www\\HealthCareProj\\app\\Views\\admin_panel1.php')
 3 SYSTEMPATH\View\View.php(229): CodeIgniter\View\View->CodeIgniter\View\{closure}()
 4 SYSTEMPATH\Common.php(1188): CodeIgniter\View\View->render('admin_panel1', [], true)
 5 APPPATH\Controllers\Home.php(11): view('admin_panel1')
 6 SYSTEMPATH\CodeIgniter.php(919): App\Controllers\Home->index()
 7 SYSTEMPATH\CodeIgniter.php(494): CodeIgniter\CodeIgniter->runController(Object(App\Controllers\Home))
 8 SYSTEMPATH\CodeIgniter.php(353): CodeIgniter\CodeIgniter->handleRequest(null, Object(Config\Cache), false)
 9 FCPATH\index.php(79): CodeIgniter\CodeIgniter->run()
10 SYSTEMPATH\Commands\Server\rewrite.php(47): require_once('C:\\laragon\\www\\HealthCareProj\\public\\index.php')
CRITICAL - 2023-11-08 01:30:44 --> mysqli_query(): Argument #1 ($mysql) must be of type mysqli, null given
in APPPATH\Views\admin_panel1.php on line 272.
 1 APPPATH\Views\admin_panel1.php(272): mysqli_query(null, 'select * from doctb')
 2 SYSTEMPATH\View\View.php(226): include('C:\\laragon\\www\\HealthCareProj\\app\\Views\\admin_panel1.php')
 3 SYSTEMPATH\View\View.php(229): CodeIgniter\View\View->CodeIgniter\View\{closure}()
 4 SYSTEMPATH\Common.php(1188): CodeIgniter\View\View->render('admin_panel1', [], true)
 5 APPPATH\Controllers\Home.php(11): view('admin_panel1')
 6 SYSTEMPATH\CodeIgniter.php(919): App\Controllers\Home->index()
 7 SYSTEMPATH\CodeIgniter.php(494): CodeIgniter\CodeIgniter->runController(Object(App\Controllers\Home))
 8 SYSTEMPATH\CodeIgniter.php(353): CodeIgniter\CodeIgniter->handleRequest(null, Object(Config\Cache), false)
 9 FCPATH\index.php(79): CodeIgniter\CodeIgniter->run()
10 SYSTEMPATH\Commands\Server\rewrite.php(47): require_once('C:\\laragon\\www\\HealthCareProj\\public\\index.php')
CRITICAL - 2023-11-08 01:30:44 --> mysqli_query(): Argument #1 ($mysql) must be of type mysqli, null given
in APPPATH\Views\admin_panel1.php on line 272.
 1 APPPATH\Views\admin_panel1.php(272): mysqli_query(null, 'select * from doctb')
 2 SYSTEMPATH\View\View.php(226): include('C:\\laragon\\www\\HealthCareProj\\app\\Views\\admin_panel1.php')
 3 SYSTEMPATH\View\View.php(229): CodeIgniter\View\View->CodeIgniter\View\{closure}()
 4 SYSTEMPATH\Common.php(1188): CodeIgniter\View\View->render('admin_panel1', [], true)
 5 APPPATH\Controllers\Home.php(11): view('admin_panel1')
 6 SYSTEMPATH\CodeIgniter.php(919): App\Controllers\Home->index()
 7 SYSTEMPATH\CodeIgniter.php(494): CodeIgniter\CodeIgniter->runController(Object(App\Controllers\Home))
 8 SYSTEMPATH\CodeIgniter.php(353): CodeIgniter\CodeIgniter->handleRequest(null, Object(Config\Cache), false)
 9 FCPATH\index.php(79): CodeIgniter\CodeIgniter->run()
10 SYSTEMPATH\Commands\Server\rewrite.php(47): require_once('C:\\laragon\\www\\HealthCareProj\\public\\index.php')
CRITICAL - 2023-11-08 01:30:44 --> mysqli_query(): Argument #1 ($mysql) must be of type mysqli, null given
in APPPATH\Views\admin_panel1.php on line 272.
 1 APPPATH\Views\admin_panel1.php(272): mysqli_query(null, 'select * from doctb')
 2 SYSTEMPATH\View\View.php(226): include('C:\\laragon\\www\\HealthCareProj\\app\\Views\\admin_panel1.php')
 3 SYSTEMPATH\View\View.php(229): CodeIgniter\View\View->CodeIgniter\View\{closure}()
 4 SYSTEMPATH\Common.php(1188): CodeIgniter\View\View->render('admin_panel1', [], true)
 5 APPPATH\Controllers\Home.php(11): view('admin_panel1')
 6 SYSTEMPATH\CodeIgniter.php(919): App\Controllers\Home->index()
 7 SYSTEMPATH\CodeIgniter.php(494): CodeIgniter\CodeIgniter->runController(Object(App\Controllers\Home))
 8 SYSTEMPATH\CodeIgniter.php(353): CodeIgniter\CodeIgniter->handleRequest(null, Object(Config\Cache), false)
 9 FCPATH\index.php(79): CodeIgniter\CodeIgniter->run()
10 SYSTEMPATH\Commands\Server\rewrite.php(47): require_once('C:\\laragon\\www\\HealthCareProj\\public\\index.php')
CRITICAL - 2023-11-08 01:30:45 --> mysqli_query(): Argument #1 ($mysql) must be of type mysqli, null given
in APPPATH\Views\admin_panel1.php on line 272.
 1 APPPATH\Views\admin_panel1.php(272): mysqli_query(null, 'select * from doctb')
 2 SYSTEMPATH\View\View.php(226): include('C:\\laragon\\www\\HealthCareProj\\app\\Views\\admin_panel1.php')
 3 SYSTEMPATH\View\View.php(229): CodeIgniter\View\View->CodeIgniter\View\{closure}()
 4 SYSTEMPATH\Common.php(1188): CodeIgniter\View\View->render('admin_panel1', [], true)
 5 APPPATH\Controllers\Home.php(11): view('admin_panel1')
 6 SYSTEMPATH\CodeIgniter.php(919): App\Controllers\Home->index()
 7 SYSTEMPATH\CodeIgniter.php(494): CodeIgniter\CodeIgniter->runController(Object(App\Controllers\Home))
 8 SYSTEMPATH\CodeIgniter.php(353): CodeIgniter\CodeIgniter->handleRequest(null, Object(Config\Cache), false)
 9 FCPATH\index.php(79): CodeIgniter\CodeIgniter->run()
10 SYSTEMPATH\Commands\Server\rewrite.php(47): require_once('C:\\laragon\\www\\HealthCareProj\\public\\index.php')
CRITICAL - 2023-11-08 01:31:10 --> Unknown database 'hospitalms'
in APPPATH\Views\admin_panel1.php on line 297.
 1 APPPATH\Views\admin_panel1.php(297): mysqli_connect('localhost', 'root', '', 'hospitalms')
 2 SYSTEMPATH\View\View.php(226): include('C:\\laragon\\www\\HealthCareProj\\app\\Views\\admin_panel1.php')
 3 SYSTEMPATH\View\View.php(229): CodeIgniter\View\View->CodeIgniter\View\{closure}()
 4 SYSTEMPATH\Common.php(1188): CodeIgniter\View\View->render('admin_panel1', [], true)
 5 APPPATH\Controllers\Home.php(11): view('admin_panel1')
 6 SYSTEMPATH\CodeIgniter.php(919): App\Controllers\Home->index()
 7 SYSTEMPATH\CodeIgniter.php(494): CodeIgniter\CodeIgniter->runController(Object(App\Controllers\Home))
 8 SYSTEMPATH\CodeIgniter.php(353): CodeIgniter\CodeIgniter->handleRequest(null, Object(Config\Cache), false)
 9 FCPATH\index.php(79): CodeIgniter\CodeIgniter->run()
10 SYSTEMPATH\Commands\Server\rewrite.php(47): require_once('C:\\laragon\\www\\HealthCareProj\\public\\index.php')
CRITICAL - 2023-11-08 01:31:53 --> mysqli_query(): Argument #1 ($mysql) must be of type mysqli, null given
in APPPATH\Views\admin_panel1.php on line 329.
 1 APPPATH\Views\admin_panel1.php(329): mysqli_query(null, 'select * from prestb')
 2 SYSTEMPATH\View\View.php(226): include('C:\\laragon\\www\\HealthCareProj\\app\\Views\\admin_panel1.php')
 3 SYSTEMPATH\View\View.php(229): CodeIgniter\View\View->CodeIgniter\View\{closure}()
 4 SYSTEMPATH\Common.php(1188): CodeIgniter\View\View->render('admin_panel1', [], true)
 5 APPPATH\Controllers\Home.php(11): view('admin_panel1')
 6 SYSTEMPATH\CodeIgniter.php(919): App\Controllers\Home->index()
 7 SYSTEMPATH\CodeIgniter.php(494): CodeIgniter\CodeIgniter->runController(Object(App\Controllers\Home))
 8 SYSTEMPATH\CodeIgniter.php(353): CodeIgniter\CodeIgniter->handleRequest(null, Object(Config\Cache), false)
 9 FCPATH\index.php(79): CodeIgniter\CodeIgniter->run()
10 SYSTEMPATH\Commands\Server\rewrite.php(47): require_once('C:\\laragon\\www\\HealthCareProj\\public\\index.php')
CRITICAL - 2023-11-08 01:32:12 --> Unknown database 'hospitalms'
in APPPATH\Views\admin_panel1.php on line 364.
 1 APPPATH\Views\admin_panel1.php(364): mysqli_connect('localhost', 'root', '', 'hospitalms')
 2 SYSTEMPATH\View\View.php(226): include('C:\\laragon\\www\\HealthCareProj\\app\\Views\\admin_panel1.php')
 3 SYSTEMPATH\View\View.php(229): CodeIgniter\View\View->CodeIgniter\View\{closure}()
 4 SYSTEMPATH\Common.php(1188): CodeIgniter\View\View->render('admin_panel1', [], true)
 5 APPPATH\Controllers\Home.php(11): view('admin_panel1')
 6 SYSTEMPATH\CodeIgniter.php(919): App\Controllers\Home->index()
 7 SYSTEMPATH\CodeIgniter.php(494): CodeIgniter\CodeIgniter->runController(Object(App\Controllers\Home))
 8 SYSTEMPATH\CodeIgniter.php(353): CodeIgniter\CodeIgniter->handleRequest(null, Object(Config\Cache), false)
 9 FCPATH\index.php(79): CodeIgniter\CodeIgniter->run()
10 SYSTEMPATH\Commands\Server\rewrite.php(47): require_once('C:\\laragon\\www\\HealthCareProj\\public\\index.php')
CRITICAL - 2023-11-08 01:32:41 --> Unknown database 'hospitalms'
in APPPATH\Views\admin_panel1.php on line 442.
 1 APPPATH\Views\admin_panel1.php(442): mysqli_connect('localhost', 'root', '', 'hospitalms')
 2 SYSTEMPATH\View\View.php(226): include('C:\\laragon\\www\\HealthCareProj\\app\\Views\\admin_panel1.php')
 3 SYSTEMPATH\View\View.php(229): CodeIgniter\View\View->CodeIgniter\View\{closure}()
 4 SYSTEMPATH\Common.php(1188): CodeIgniter\View\View->render('admin_panel1', [], true)
 5 APPPATH\Controllers\Home.php(11): view('admin_panel1')
 6 SYSTEMPATH\CodeIgniter.php(919): App\Controllers\Home->index()
 7 SYSTEMPATH\CodeIgniter.php(494): CodeIgniter\CodeIgniter->runController(Object(App\Controllers\Home))
 8 SYSTEMPATH\CodeIgniter.php(353): CodeIgniter\CodeIgniter->handleRequest(null, Object(Config\Cache), false)
 9 FCPATH\index.php(79): CodeIgniter\CodeIgniter->run()
10 SYSTEMPATH\Commands\Server\rewrite.php(47): require_once('C:\\laragon\\www\\HealthCareProj\\public\\index.php')
CRITICAL - 2023-11-08 01:35:38 --> mysqli_query(): Argument #1 ($mysql) must be of type mysqli, null given
in APPPATH\Views\admin_panel1.php on line 272.
 1 APPPATH\Views\admin_panel1.php(272): mysqli_query(null, 'select * from doctb')
 2 SYSTEMPATH\View\View.php(226): include('C:\\laragon\\www\\HealthCareProj\\app\\Views\\admin_panel1.php')
 3 SYSTEMPATH\View\View.php(229): CodeIgniter\View\View->CodeIgniter\View\{closure}()
 4 SYSTEMPATH\Common.php(1188): CodeIgniter\View\View->render('admin_panel1', [], true)
 5 APPPATH\Controllers\Home.php(11): view('admin_panel1')
 6 SYSTEMPATH\CodeIgniter.php(919): App\Controllers\Home->index()
 7 SYSTEMPATH\CodeIgniter.php(494): CodeIgniter\CodeIgniter->runController(Object(App\Controllers\Home))
 8 SYSTEMPATH\CodeIgniter.php(353): CodeIgniter\CodeIgniter->handleRequest(null, Object(Config\Cache), false)
 9 FCPATH\index.php(79): CodeIgniter\CodeIgniter->run()
10 SYSTEMPATH\Commands\Server\rewrite.php(47): require_once('C:\\laragon\\www\\HealthCareProj\\public\\index.php')
CRITICAL - 2023-11-08 01:36:20 --> mysqli_query(): Argument #1 ($mysql) must be of type mysqli, null given
in APPPATH\Views\admin_panel1.php on line 272.
 1 APPPATH\Views\admin_panel1.php(272): mysqli_query(null, 'select * from doctb')
 2 SYSTEMPATH\View\View.php(226): include('C:\\laragon\\www\\HealthCareProj\\app\\Views\\admin_panel1.php')
 3 SYSTEMPATH\View\View.php(229): CodeIgniter\View\View->CodeIgniter\View\{closure}()
 4 SYSTEMPATH\Common.php(1188): CodeIgniter\View\View->render('admin_panel1', [], true)
 5 APPPATH\Controllers\Home.php(11): view('admin_panel1')
 6 SYSTEMPATH\CodeIgniter.php(919): App\Controllers\Home->index()
 7 SYSTEMPATH\CodeIgniter.php(494): CodeIgniter\CodeIgniter->runController(Object(App\Controllers\Home))
 8 SYSTEMPATH\CodeIgniter.php(353): CodeIgniter\CodeIgniter->handleRequest(null, Object(Config\Cache), false)
 9 FCPATH\index.php(79): CodeIgniter\CodeIgniter->run()
10 SYSTEMPATH\Commands\Server\rewrite.php(47): require_once('C:\\laragon\\www\\HealthCareProj\\public\\index.php')
CRITICAL - 2023-11-08 01:36:22 --> mysqli_query(): Argument #1 ($mysql) must be of type mysqli, null given
in APPPATH\Views\admin_panel1.php on line 272.
 1 APPPATH\Views\admin_panel1.php(272): mysqli_query(null, 'select * from doctb')
 2 SYSTEMPATH\View\View.php(226): include('C:\\laragon\\www\\HealthCareProj\\app\\Views\\admin_panel1.php')
 3 SYSTEMPATH\View\View.php(229): CodeIgniter\View\View->CodeIgniter\View\{closure}()
 4 SYSTEMPATH\Common.php(1188): CodeIgniter\View\View->render('admin_panel1', [], true)
 5 APPPATH\Controllers\Home.php(11): view('admin_panel1')
 6 SYSTEMPATH\CodeIgniter.php(919): App\Controllers\Home->index()
 7 SYSTEMPATH\CodeIgniter.php(494): CodeIgniter\CodeIgniter->runController(Object(App\Controllers\Home))
 8 SYSTEMPATH\CodeIgniter.php(353): CodeIgniter\CodeIgniter->handleRequest(null, Object(Config\Cache), false)
 9 FCPATH\index.php(79): CodeIgniter\CodeIgniter->run()
10 SYSTEMPATH\Commands\Server\rewrite.php(47): require_once('C:\\laragon\\www\\HealthCareProj\\public\\index.php')
CRITICAL - 2023-11-08 01:36:22 --> mysqli_query(): Argument #1 ($mysql) must be of type mysqli, null given
in APPPATH\Views\admin_panel1.php on line 272.
 1 APPPATH\Views\admin_panel1.php(272): mysqli_query(null, 'select * from doctb')
 2 SYSTEMPATH\View\View.php(226): include('C:\\laragon\\www\\HealthCareProj\\app\\Views\\admin_panel1.php')
 3 SYSTEMPATH\View\View.php(229): CodeIgniter\View\View->CodeIgniter\View\{closure}()
 4 SYSTEMPATH\Common.php(1188): CodeIgniter\View\View->render('admin_panel1', [], true)
 5 APPPATH\Controllers\Home.php(11): view('admin_panel1')
 6 SYSTEMPATH\CodeIgniter.php(919): App\Controllers\Home->index()
 7 SYSTEMPATH\CodeIgniter.php(494): CodeIgniter\CodeIgniter->runController(Object(App\Controllers\Home))
 8 SYSTEMPATH\CodeIgniter.php(353): CodeIgniter\CodeIgniter->handleRequest(null, Object(Config\Cache), false)
 9 FCPATH\index.php(79): CodeIgniter\CodeIgniter->run()
10 SYSTEMPATH\Commands\Server\rewrite.php(47): require_once('C:\\laragon\\www\\HealthCareProj\\public\\index.php')
CRITICAL - 2023-11-08 01:36:23 --> mysqli_query(): Argument #1 ($mysql) must be of type mysqli, null given
in APPPATH\Views\admin_panel1.php on line 272.
 1 APPPATH\Views\admin_panel1.php(272): mysqli_query(null, 'select * from doctb')
 2 SYSTEMPATH\View\View.php(226): include('C:\\laragon\\www\\HealthCareProj\\app\\Views\\admin_panel1.php')
 3 SYSTEMPATH\View\View.php(229): CodeIgniter\View\View->CodeIgniter\View\{closure}()
 4 SYSTEMPATH\Common.php(1188): CodeIgniter\View\View->render('admin_panel1', [], true)
 5 APPPATH\Controllers\Home.php(11): view('admin_panel1')
 6 SYSTEMPATH\CodeIgniter.php(919): App\Controllers\Home->index()
 7 SYSTEMPATH\CodeIgniter.php(494): CodeIgniter\CodeIgniter->runController(Object(App\Controllers\Home))
 8 SYSTEMPATH\CodeIgniter.php(353): CodeIgniter\CodeIgniter->handleRequest(null, Object(Config\Cache), false)
 9 FCPATH\index.php(79): CodeIgniter\CodeIgniter->run()
10 SYSTEMPATH\Commands\Server\rewrite.php(47): require_once('C:\\laragon\\www\\HealthCareProj\\public\\index.php')
CRITICAL - 2023-11-08 07:41:41 --> Invalid file: "index.php"
in SYSTEMPATH\Exceptions\FrameworkException.php on line 39.
 1 SYSTEMPATH\View\View.php(214): CodeIgniter\Exceptions\FrameworkException::forInvalidFile('index.php')
 2 SYSTEMPATH\Common.php(1188): CodeIgniter\View\View->render('index', [], true)
 3 APPPATH\Controllers\Home.php(11): view('index')
 4 SYSTEMPATH\CodeIgniter.php(919): App\Controllers\Home->index()
 5 SYSTEMPATH\CodeIgniter.php(494): CodeIgniter\CodeIgniter->runController(Object(App\Controllers\Home))
 6 SYSTEMPATH\CodeIgniter.php(353): CodeIgniter\CodeIgniter->handleRequest(null, Object(Config\Cache), false)
 7 FCPATH\index.php(79): CodeIgniter\CodeIgniter->run()
 8 SYSTEMPATH\Commands\Server\rewrite.php(47): require_once('C:\\laragon\\www\\HealthCareProj\\public\\index.php')
